<?xml version="1.0" encoding="UTF-8"?>
<testsuite name="com.kagg886.sylu_eoa.api.v2.SyluUserActionTest" tests="1" skipped="0" failures="0" errors="0" timestamp="2024-02-29T11:49:46" hostname="kagg886" time="2.359">
  <properties/>
  <testcase name="getExamInfo()" classname="com.kagg886.sylu_eoa.api.v2.SyluUserActionTest" time="2.359"/>
  <system-out><![CDATA[[Test]: currentDir:/home/kagg886/IdeaProjects/Android/SYLU_EOA_V3/apiv2
[Network]: --> GET https://jxw.sylu.edu.cn/xtgl/index_initMenu.html?jsdm=xs&_t=1708648305427 http/1.1
[Network]: Host: jxw.sylu.edu.cn
[Network]: Connection: Keep-Alive
[Network]: Accept-Encoding: gzip
[Network]: Cookie: JSESSIONID=FB417F8AB0DA399FF3048B9C7664A27C; rememberMe=deleteMe
[Network]: User-Agent: okhttp/4.12.0
[Network]: --> END GET
[Network]: <-- 302 Found https://jxw.sylu.edu.cn/xtgl/index_initMenu.html?jsdm=xs&_t=1708648305427 (202ms)
[Network]: X-Powered-By: Servlet/3.0 JSP/2.2 (ZFSOFT-SERVER Java/Oracle Corporation/1.8.0_201-b09)
[Network]: Set-Cookie: JSESSIONID=20CCCB728F52287153466BE7D68CC16B; Path=/; HttpOnly
[Network]: P3P: CP=CAO PSA OUR
[Network]: Location: /xtgl/login_slogin.html
[Network]: Content-Length: 0
[Network]: Date: Thu, 29 Feb 2024 11:49:44 GMT
[Network]: Server: ZFSOFT.Inc
[Network]: Set-Cookie: clwz_blc_pst_xd0xc2xbdxccxcexf1WEBxb7xfexcexf1xc6xf7=218105098.20480;Path=/
[Network]: <-- END HTTP (0-byte body)
[Network]: --> GET https://jxw.sylu.edu.cn/xtgl/login_slogin.html http/1.1
[Network]: Host: jxw.sylu.edu.cn
[Network]: Connection: Keep-Alive
[Network]: Accept-Encoding: gzip
[Network]: Cookie: JSESSIONID=20CCCB728F52287153466BE7D68CC16B; rememberMe=deleteMe; clwz_blc_pst_xd0xc2xbdxccxcexf1WEBxb7xfexcexf1xc6xf7=218105098.20480
[Network]: User-Agent: okhttp/4.12.0
[Network]: --> END GET
[Network]: <-- 200 OK https://jxw.sylu.edu.cn/xtgl/login_slogin.html (469ms)
[Network]: X-Powered-By: Servlet/3.0 JSP/2.2 (ZFSOFT-SERVER Java/Oracle Corporation/1.8.0_201-b09)
[Network]: P3P: CP=CAO PSA OUR
[Network]: X-Frame-Options: SAMEORIGIN
[Network]: X-XSS-Protection: 1; mode=block
[Network]: X-Content-Type-Options: nosniff
[Network]: Content-Type: text/html;charset=UTF-8
[Network]: Content-Language: zh-CN
[Network]: Transfer-Encoding: chunked
[Network]: Date: Thu, 29 Feb 2024 11:49:44 GMT
[Network]: Server: ZFSOFT.Inc
[Network]: 
[Network]: <!doctypehtml><!--<htmllang="zh-CN"class="tb-allpage-filter">--><htmllang="zh-CN"><head><title>教学管理信息服务平台</title><metaname="viewport"content="width=device-width,initial-scale=1.0"><metahttp-equiv="Content-Type"content="text/html;charset=UTF-8"/><metaname="Copyright"content="zfsoft"/><linkrel="icon"href="/xtgl/dlycssz_cxDlycsszZp.html?zplx=0&t=1709207385134"type="image/x-icon"/><linkrel="shortcuticon"href="/xtgl/dlycssz_cxDlycsszZp.html?zplx=0&t=1709207385134"type="image/x-icon"/><scripttype="text/javascript">var_path="";var_systemPath="";var_stylePath="/zftal-ui-v5-1.0.2";</script><!--jQuery核心框架库--><scripttype="text/javascript"src="/zftal-ui-v5-1.0.2/assets/js/other_jquery/jquery.min.js?ver=28423403"></script><!--jQuery常用工具扩展库：基础工具,资源加载工具,元素尺寸相关工具--><scripttype="text/javascript"src="/zftal-ui-v5-1.0.2/assets/js/zftal/jquery.utils.contact-min.js?ver=28423403"charset="utf-8"></script><!--jQuery浏览器检测--><scripttype="text/javascript"src="/js/browse/browse-judge.js?ver=28423403"></script><scripttype="text/javascript">//\u6d4f\u89c8\u5668\u7248\u672c\u9a8c\u8bc1/*varbroswer=broswer();if(broswer.msie==true||broswer.safari==true||broswer.mozilla==true||broswer.chrome==true){if(broswer.msie==true&&broswer.version<9){window.location.href=_path+"/xtgl/init_cxBrowser.html";}}else{window.location.href=_path+"/xtgl/init_cxBrowser.html";}*/</script><!--Bootstrap布局框架--><linkrel="stylesheet"type="text/css"href="/zftal-ui-v5-1.0.2/assets/plugins/bootstrap/css/bootstrap.min.css?ver=28423403"/><linkrel="stylesheet"type="text/css"href="/zftal-ui-v5-1.0.2/assets/css/zftal-ui.css?ver=28423403"/><scripttype="text/javascript"src="/zftal-ui-v5-1.0.2/assets/plugins/bootstrap/js/bootstrap.min.js?ver=28423403"charset="utf-8"></script><!--jQuery.chosen美化插件--><linkrel="stylesheet"type="text/css"href="/zftal-ui-v5-1.0.2/assets/plugins/chosen/css/chosen-min.css?ver=28423403"/><scripttype="text/javascript"src="/zftal-ui-v5-1.0.2/assets/plugins/chosen/jquery.choosen.concat-min.js?ver=28423403"charset="utf-8"></script><scripttype="text/javascript"src="/zftal-ui-v5-1.0.2/assets/plugins/chosen/lang/zh_CN-min.js?ver=28423403"charset="utf-8"></script><scripttype="text/javascript"src="/zftal-ui-v5-1.0.2/assets/js/utils/jquery.utils.pinyin.min.js?ver=28423403"charset="utf-8"></script><!--业务框架jQuery全局设置和通用函数库--><scripttype="text/javascript"src="/js/jquery.zftal.contact-min.js?ver=28423403"></script><!--业务框架前端脚本国际化库--><scripttype="text/javascript"src="/zftal-ui-v5-1.0.2/assets/js/zftal/lang/jquery.zftal_zh_CN-min.js?ver=28423403"></script><!--[ifltIE9]><scriptsrc="/zftal-ui-v5-1.0.2/assets/js/html5shiv.min.js?ver=28423403"type="text/javascript"charset="utf-8"></script><scriptsrc="/zftal-ui-v5-1.0.2/assets/js/respond.min.js?ver=28423403"type="text/javascript"charset="utf-8"></script><![endif]--><metahttp-equiv="Content-Security-Policy"content="script-src'self''unsafe-inline'"><metaname="renderer"content="webkit"/><metahttp-equiv="X-UA-Compatible"content="IE=Edge,chrome=1"><linktype="text/css"rel="stylesheet"href="/css/jw-login.css?ver=28423403"/><!--Bootbox弹窗插件--><linkrel="stylesheet"type="text/css"href="/zftal-ui-v5-1.0.2/assets/plugins/bootbox/css/bootbox-min.css?ver=28423403"/><scriptsrc="/zftal-ui-v5-1.0.2/assets/plugins/bootbox/bootbox.concat-min.js?ver=28423403"type="text/javascript"charset="utf-8"></script><scriptsrc="/zftal-ui-v5-1.0.2/assets/plugins/bootbox/lang/zh_CN.js?ver=28423403"type="text/javascript"charset="utf-8"></script></head><bodystyle="background:#fafafa;"><inputtype="hidden"name="dlmmsfknt"id="dlmmsfknt"value=0><inputtype="hidden"name="yzcskz"id="yzcskz"value=3><inputtype="hidden"name="mmsfjm"id="mmsfjm"value=1><inputtype="hidden"name="mmsrddcshkzfs"id="mmsrddcshkzfs"value=0><inputtype="hidden"name="dlsbsdsj"id="dlsbsdsj"value=3><inputtype="hidden"name="sfxswechatlogin"id="sfxswechatlogin"value=0><inputtype="hidden"name="scene_id"id="scene_id"value=><inputtype="hidden"name="authJwglxtLoginURL"id="authJwglxtLoginURL"value=><inputtype="hidden"name="rzzxxs"id="rzzxxs"value=><inputtype="hidden"name="rzys"id="rzys"value=><inputtype="hidden"name="sfzywqh"id="sfzywqh"value=0><inputtype="hidden"name="xxdm"id="xxdm"value=10144><inputtype="hidden"name="userPolicyOn"id="userPolicyOn"value=0><divclass="containercontainer_1170"><divclass="rowsl_log_top"><divclass="col-sm-8logo_1"><imgsrc="/xtgl/dlycssz_cxDlycsszZp.html?zplx=1&t=1709207385134"style="margin-top:-3px"/><spanid="xtmc">教学综合信息服务平台</span></div><divclass="col-sm-4text-righthidden-xs"></div></div><divclass="rowsl_log_bor4"><divclass="col-sm-8hidden-xssl_log_lfslideShow"><!--0不轮换图片--><imgclass="img-responsive"src="/xtgl/dlycssz_cxDlycsszZp.html?zplx=3&t=1709207385134"/></div><divclass="col-sm-4sl_log_rt"><formclass="form-horizontal"role="form"action="/xtgl/login_slogin.html"method="post"><inputtype="hidden"id="csrftoken"name="csrftoken"value="83d58f2a-64f2-405a-bcb0-e0556bdb0fb4,83d58f2a64f2405abcb0e0556bdb0fb4"/><inputtype="hidden"id="language"name="language"value="zh_CN"/><div><divclass="tab-content"><divid="home"class="tab-paneinactive"><h5>用户登录</h5><!--防止浏览器自动填充密码--><inputtype="text"style="display:none;"autocomplete="off"/><inputtype="password"style="display:none;"autocomplete="off"/><!--防止浏览器自动填充密码end--><pstyle="display:none;"id="tips"class="bg_dangersl_danger"></p><divclass="form-group"><divclass="input-group"><divclass="input-group-addon"><imgsrc="/zftal-ui-v5-1.0.2/assets/images/log_ic01.png"width="16"height="16"/></div><inputtype="text"class="form-control"name="yhm"id="yhm"value=""placeholder="用户名"onblur=""autocomplete="off"></div></div><divclass="form-group"><divclass="input-group"><divclass="input-group-addon"><imgsrc="/zftal-ui-v5-1.0.2/assets/images/log_ic02.png"width="16"height="16"/></div><inputtype="password"name="mm"id="hidMm"style="display:none"autocomplete="off"><inputtype="text"class="form-control"name="mm"id="mm"value=""placeholder="密码"autocomplete="off"onfocus="this.type='password'"><inputtype="password"style="display:none;"autocomplete="off"></div></div><!--0-弹出验证码--><divclass="form-group"id="myDiv"><!--<ahref="/xtgl/init_fkIndex.html"class="checkboxpull-left"target="_blank">访客登录</a>--><ahref="/pwdmgr/retake/index.zf"id="wjmm"class="checkboxpull-right"target="_blank">忘记密码？</a></div><divclass="form-group"><buttontype="button"class="btnbtn-primarybtn-block"id="dl">登录</button></div><!--登录口提示信息--><divclass="form-group"><divclass="alertalert-danger"role="alert"id="dlktsxx"></div></div></div><divid="profile"class="tab-pane"align="center"><imgid="qrcode"src=""class="img-thumbnail"alt="CinqueTerre"style="weight:220px;height:220px;"><imgid="qrcodeerror"src="/css/assets/images/erweima.png"class="img-thumbnail"alt="CinqueTerre"style="weight:220px;height:220px;display:none;cursor:pointer;"><pclass="tipsqrcode"><imgid="wxbs"src="/css/assets/images/timg.png"style="weight:15px;height:15px;">微信扫码</p><pclass="tipsqrcode">扫码关注公众号进行登录</p></div></div></div></form></div></div></div><!--footer--><divid="footerID"class="footer"style="background-color:"><p>版权所有&#169;Copyright沈阳理工大学辽宁省沈阳市浑南区南屏中路6号110159&nbsp;&nbsp;&nbsp;版本V-8.0.0</p></div><scripttype="text/javascript">//系统中页面底部的时间随系统时间来定/*vardate=newDate;varyear=date.getFullYear();vars=$("#footerID").text().indexOf('-');vartextNr=$("#footerID").text().substr(0,s+1)+year+$("#footerID").text().substr(s+5);$("#footerID").text("");$("#footerID").text(textNr);*/</script><!--footer-end--></body><scripttype="text/javascript">varsfydl=false;//作为页签切换是否停止计时器的标记，$('#myTaba[data-toggle="tab"]').on('show.bs.tab',function(e){vartab=e.target;//activatedtabvartabid=$(tab).parent().attr("id");varerweimatime;if(tabid=='second'){//扫码登录sfydl=true;//生成二维码$.ajax({url:_path+'/auth/auth_wechatQrcodeLogin.html',async:false,type:"post",dataType:"json",success:function(data){document.getElementById("qrcode").setAttribute("src",data.showqrcodepath);$("#qrcodeerror").attr('style','weight:220px;height:220px;display:none;cursor:pointer;');$("#qrcode").attr('style','weight:220px;height:220px;display:block;');erweimatime=data.erweimaexpire_seconds;}});}else{//用户登录sfydl=false;}//二维码刷新计时varmyVar=setInterval(myTimer,(erweimatime-10)*1000);//切换到扫码登录后进行轮训，判断用户是否已经登录varLoginTimer=setInterval(ztTimer,5000);functionmyTimer(){$("#qrcode").attr('style','weight:220px;height:220px;display:none;');$("#qrcodeerror").attr('style','weight:220px;height:220px;display:block;cursor:pointer;');//二维码失效时停止计时器clearInterval(myVar);clearInterval(LoginTimer);}functionztTimer(){if(!sfydl){//切换到用户登录页签时停止计时器clearInterval(myVar);clearInterval(LoginTimer);}else{if("1"==$("#sfxswechatlogin").val()){$.ajax({url:_path+'/auth/auth_cxYhLoginZt.html',async:false,type:"post",data:{scene_id:$("#scene_id").val()},dataType:"json",success:function(data){if(data.msg=='success'){//返回登录状态为成功时停止计时器clearInterval(LoginTimer);window.location.href=_path+data.redirectPath;}}});}}}//点击图片刷新二维码$("#qrcodeerror").click(function(){$.ajax({url:_path+'/auth/auth_wechatQrcodeLogin.html',async:false,type:"post",dataType:"json",success:function(data){document.getElementById("qrcode").setAttribute("src",data.showqrcodepath);$("#qrcodeerror").attr('style','weight:220px;height:220px;display:none;cursor:pointer;');$("#qrcode").attr('style','weight:220px;height:220px;display:block;');erweimatime=data.erweimaexpire_seconds;}});//二维码刷新计时varmyVar1=setInterval(myTimer1,(erweimatime-10)*1000);//切换到扫码登录后进行轮训，判断用户是否已经登录varLoginTimer1=setInterval(ztTimer1,5000);functionmyTimer1(){$("#qrcode").attr('style','weight:220px;height:220px;display:none');$("#qrcodeerror").attr('style','weight:220px;height:220px;display:block;cursor:pointer;');//二维码失效时停止计时器clearInterval(myVar1);clearInterval(LoginTimer1);}functionztTimer1(){if(!sfydl){//切换到用户登录页签时停止计时器clearInterval(myVar1);clearInterval(LoginTimer1);}else{if("1"==$("#sfxswechatlogin").val()){$.ajax({url:_path+'/auth/auth_cxYhLoginZt.html',async:false,type:"post",data:{scene_id:$("#scene_id").val()},dataType:"json",success:function(data){if(data.msg=='success'){//返回登录状态为成功时停止计时器clearInterval(LoginTimer1);window.location.href=_path+data.redirectPath;}}});}}}});});//统一身份验证登录按钮颜色if("1"==$("#rzzxxs").val()){if($.founded($("#rzys").val())){$("#tysfyzdl").attr("style","background-color:"+$("#rzys").val());}else{$("#tysfyzdl").attr("style","background-color:#blue");}}//访问统一身份验证$("#tysfyzdl").click(function(){window.location.href=$("#authJwglxtLoginURL").val();});jQuery(document).ready(function(){//$('#localChange').trigger("chosen");///detectOS();//用户名密码输错n次需输入验证码});vardlktsxx="电脑端360等浏览器请使用极速模式。建议浏览器：谷歌、火狐。电脑端可通过智慧理工免密登录。手机端可通过今日校园免密登录。新用户初始密码为身份证号后6位。";vararr=[];varhtml="";if(dlktsxx.indexOf("。")>-1){arr=dlktsxx.split("。");for(vars=0;s<arr.length;s++){if(arr[s]!=''){html+=arr[s]+"<br>";}}}else{html=dlktsxx;}$("#dlktsxx").html(html);//ipjQuery(function($){functionchangeLanguage(lang){$.ajaxSetup({async:false});jQuery.post(_path+"/xtgl/init_changeLocal.html",{//config-shiro.xml里要加这个language:lang!="en_US"?"zh_CN":"en_US"},function(b){if(1==parseInt(b)){if($("#topButton").size()>0){$("#topButton").click();}else{window.location.href=_path;}}},"json");$.ajaxSetup({async:true});}$("button.btn-lang").click(function(){if(!$(this).hasClass("btn-lang-enabled")){changeLanguage($(this).attr("value"));}})//切换英文if($(".btn-lang-enabled").val()=="en_US"){$("#xtmc").text("");$("title").text("")$("#wpjssq").text("NewTeacherAccountApplication");$("#wjmm").text("Forgotyourpassword?");$("#jzfw").text("Parentsvisit");$("#dlktsxx").hide();}});functionzhcxRedirect(){$.ajax({url:_path+'/auth/auth_getZhcxUrl.html',async:false,type:"post",dataType:"json",success:function(data){window.location.href=data.url;}});}</script><scripttype='text/javascript'src="/zftal-ui-v5-1.0.2/assets/plugins/crypto/rsa/jsbn.js?ver=28423403"></script><scripttype='text/javascript'src="/zftal-ui-v5-1.0.2/assets/plugins/crypto/rsa/prng4.js?ver=28423403"></script><scripttype='text/javascript'src="/zftal-ui-v5-1.0.2/assets/plugins/crypto/rsa/rng.js?ver=28423403"></script><scripttype='text/javascript'src="/zftal-ui-v5-1.0.2/assets/plugins/crypto/rsa/rsa.js?ver=28423403"></script><scripttype='text/javascript'src="/zftal-ui-v5-1.0.2/assets/plugins/crypto/rsa/base64.js?ver=28423403"></script><scripttype="text/javascript"src="/js/globalweb/login/login.js?ver=28423403"></script></html>
[Network]: <-- END HTTP (16090-byte body)
[SyluUser]: Cookie过期
[Network]: --> GET https://jxw.sylu.edu.cn/ http/1.1
[Network]: Host: jxw.sylu.edu.cn
[Network]: Connection: Keep-Alive
[Network]: Accept-Encoding: gzip
[Network]: User-Agent: okhttp/4.12.0
[Network]: --> END GET
[Network]: <-- 302 Found https://jxw.sylu.edu.cn/ (244ms)
[Network]: X-Powered-By: Servlet/3.0 JSP/2.2 (ZFSOFT-SERVER Java/Oracle Corporation/1.8.0_201-b09)
[Network]: Set-Cookie: JSESSIONID=E306913B3E66E52FB800F1C011CC738A; Path=/; HttpOnly
[Network]: Location: /xtgl/login_slogin.html
[Network]: Content-Length: 0
[Network]: Date: Thu, 29 Feb 2024 11:49:44 GMT
[Network]: Server: ZFSOFT.Inc
[Network]: <-- END HTTP (0-byte body)
[Network]: --> GET https://jxw.sylu.edu.cn/xtgl/login_slogin.html http/1.1
[Network]: Host: jxw.sylu.edu.cn
[Network]: Connection: Keep-Alive
[Network]: Accept-Encoding: gzip
[Network]: Cookie: JSESSIONID=E306913B3E66E52FB800F1C011CC738A
[Network]: User-Agent: okhttp/4.12.0
[Network]: --> END GET
[Network]: <-- 200 OK https://jxw.sylu.edu.cn/xtgl/login_slogin.html (414ms)
[Network]: X-Powered-By: Servlet/3.0 JSP/2.2 (ZFSOFT-SERVER Java/Oracle Corporation/1.8.0_201-b09)
[Network]: P3P: CP=CAO PSA OUR
[Network]: X-Frame-Options: SAMEORIGIN
[Network]: X-XSS-Protection: 1; mode=block
[Network]: X-Content-Type-Options: nosniff
[Network]: Content-Type: text/html;charset=UTF-8
[Network]: Content-Language: zh-CN
[Network]: Transfer-Encoding: chunked
[Network]: Date: Thu, 29 Feb 2024 11:49:45 GMT
[Network]: Server: ZFSOFT.Inc
[Network]: 
[Network]: <!doctypehtml><!--<htmllang="zh-CN"class="tb-allpage-filter">--><htmllang="zh-CN"><head><title>教学管理信息服务平台</title><metaname="viewport"content="width=device-width,initial-scale=1.0"><metahttp-equiv="Content-Type"content="text/html;charset=UTF-8"/><metaname="Copyright"content="zfsoft"/><linkrel="icon"href="/xtgl/dlycssz_cxDlycsszZp.html?zplx=0&t=1709207385891"type="image/x-icon"/><linkrel="shortcuticon"href="/xtgl/dlycssz_cxDlycsszZp.html?zplx=0&t=1709207385891"type="image/x-icon"/><scripttype="text/javascript">var_path="";var_systemPath="";var_stylePath="/zftal-ui-v5-1.0.2";</script><!--jQuery核心框架库--><scripttype="text/javascript"src="/zftal-ui-v5-1.0.2/assets/js/other_jquery/jquery.min.js?ver=28423403"></script><!--jQuery常用工具扩展库：基础工具,资源加载工具,元素尺寸相关工具--><scripttype="text/javascript"src="/zftal-ui-v5-1.0.2/assets/js/zftal/jquery.utils.contact-min.js?ver=28423403"charset="utf-8"></script><!--jQuery浏览器检测--><scripttype="text/javascript"src="/js/browse/browse-judge.js?ver=28423403"></script><scripttype="text/javascript">//\u6d4f\u89c8\u5668\u7248\u672c\u9a8c\u8bc1/*varbroswer=broswer();if(broswer.msie==true||broswer.safari==true||broswer.mozilla==true||broswer.chrome==true){if(broswer.msie==true&&broswer.version<9){window.location.href=_path+"/xtgl/init_cxBrowser.html";}}else{window.location.href=_path+"/xtgl/init_cxBrowser.html";}*/</script><!--Bootstrap布局框架--><linkrel="stylesheet"type="text/css"href="/zftal-ui-v5-1.0.2/assets/plugins/bootstrap/css/bootstrap.min.css?ver=28423403"/><linkrel="stylesheet"type="text/css"href="/zftal-ui-v5-1.0.2/assets/css/zftal-ui.css?ver=28423403"/><scripttype="text/javascript"src="/zftal-ui-v5-1.0.2/assets/plugins/bootstrap/js/bootstrap.min.js?ver=28423403"charset="utf-8"></script><!--jQuery.chosen美化插件--><linkrel="stylesheet"type="text/css"href="/zftal-ui-v5-1.0.2/assets/plugins/chosen/css/chosen-min.css?ver=28423403"/><scripttype="text/javascript"src="/zftal-ui-v5-1.0.2/assets/plugins/chosen/jquery.choosen.concat-min.js?ver=28423403"charset="utf-8"></script><scripttype="text/javascript"src="/zftal-ui-v5-1.0.2/assets/plugins/chosen/lang/zh_CN-min.js?ver=28423403"charset="utf-8"></script><scripttype="text/javascript"src="/zftal-ui-v5-1.0.2/assets/js/utils/jquery.utils.pinyin.min.js?ver=28423403"charset="utf-8"></script><!--业务框架jQuery全局设置和通用函数库--><scripttype="text/javascript"src="/js/jquery.zftal.contact-min.js?ver=28423403"></script><!--业务框架前端脚本国际化库--><scripttype="text/javascript"src="/zftal-ui-v5-1.0.2/assets/js/zftal/lang/jquery.zftal_zh_CN-min.js?ver=28423403"></script><!--[ifltIE9]><scriptsrc="/zftal-ui-v5-1.0.2/assets/js/html5shiv.min.js?ver=28423403"type="text/javascript"charset="utf-8"></script><scriptsrc="/zftal-ui-v5-1.0.2/assets/js/respond.min.js?ver=28423403"type="text/javascript"charset="utf-8"></script><![endif]--><metahttp-equiv="Content-Security-Policy"content="script-src'self''unsafe-inline'"><metaname="renderer"content="webkit"/><metahttp-equiv="X-UA-Compatible"content="IE=Edge,chrome=1"><linktype="text/css"rel="stylesheet"href="/css/jw-login.css?ver=28423403"/><!--Bootbox弹窗插件--><linkrel="stylesheet"type="text/css"href="/zftal-ui-v5-1.0.2/assets/plugins/bootbox/css/bootbox-min.css?ver=28423403"/><scriptsrc="/zftal-ui-v5-1.0.2/assets/plugins/bootbox/bootbox.concat-min.js?ver=28423403"type="text/javascript"charset="utf-8"></script><scriptsrc="/zftal-ui-v5-1.0.2/assets/plugins/bootbox/lang/zh_CN.js?ver=28423403"type="text/javascript"charset="utf-8"></script></head><bodystyle="background:#fafafa;"><inputtype="hidden"name="dlmmsfknt"id="dlmmsfknt"value=0><inputtype="hidden"name="yzcskz"id="yzcskz"value=3><inputtype="hidden"name="mmsfjm"id="mmsfjm"value=1><inputtype="hidden"name="mmsrddcshkzfs"id="mmsrddcshkzfs"value=0><inputtype="hidden"name="dlsbsdsj"id="dlsbsdsj"value=3><inputtype="hidden"name="sfxswechatlogin"id="sfxswechatlogin"value=0><inputtype="hidden"name="scene_id"id="scene_id"value=><inputtype="hidden"name="authJwglxtLoginURL"id="authJwglxtLoginURL"value=><inputtype="hidden"name="rzzxxs"id="rzzxxs"value=><inputtype="hidden"name="rzys"id="rzys"value=><inputtype="hidden"name="sfzywqh"id="sfzywqh"value=0><inputtype="hidden"name="xxdm"id="xxdm"value=10144><inputtype="hidden"name="userPolicyOn"id="userPolicyOn"value=0><divclass="containercontainer_1170"><divclass="rowsl_log_top"><divclass="col-sm-8logo_1"><imgsrc="/xtgl/dlycssz_cxDlycsszZp.html?zplx=1&t=1709207385891"style="margin-top:-3px"/><spanid="xtmc">教学综合信息服务平台</span></div><divclass="col-sm-4text-righthidden-xs"></div></div><divclass="rowsl_log_bor4"><divclass="col-sm-8hidden-xssl_log_lfslideShow"><!--0不轮换图片--><imgclass="img-responsive"src="/xtgl/dlycssz_cxDlycsszZp.html?zplx=3&t=1709207385891"/></div><divclass="col-sm-4sl_log_rt"><formclass="form-horizontal"role="form"action="/xtgl/login_slogin.html"method="post"><inputtype="hidden"id="csrftoken"name="csrftoken"value="d1ecf7f7-cc05-44eb-843d-ae21f9dc718b,d1ecf7f7cc0544eb843dae21f9dc718b"/><inputtype="hidden"id="language"name="language"value="zh_CN"/><div><divclass="tab-content"><divid="home"class="tab-paneinactive"><h5>用户登录</h5><!--防止浏览器自动填充密码--><inputtype="text"style="display:none;"autocomplete="off"/><inputtype="password"style="display:none;"autocomplete="off"/><!--防止浏览器自动填充密码end--><pstyle="display:none;"id="tips"class="bg_dangersl_danger"></p><divclass="form-group"><divclass="input-group"><divclass="input-group-addon"><imgsrc="/zftal-ui-v5-1.0.2/assets/images/log_ic01.png"width="16"height="16"/></div><inputtype="text"class="form-control"name="yhm"id="yhm"value=""placeholder="用户名"onblur=""autocomplete="off"></div></div><divclass="form-group"><divclass="input-group"><divclass="input-group-addon"><imgsrc="/zftal-ui-v5-1.0.2/assets/images/log_ic02.png"width="16"height="16"/></div><inputtype="password"name="mm"id="hidMm"style="display:none"autocomplete="off"><inputtype="text"class="form-control"name="mm"id="mm"value=""placeholder="密码"autocomplete="off"onfocus="this.type='password'"><inputtype="password"style="display:none;"autocomplete="off"></div></div><!--0-弹出验证码--><divclass="form-group"id="myDiv"><!--<ahref="/xtgl/init_fkIndex.html"class="checkboxpull-left"target="_blank">访客登录</a>--><ahref="/pwdmgr/retake/index.zf"id="wjmm"class="checkboxpull-right"target="_blank">忘记密码？</a></div><divclass="form-group"><buttontype="button"class="btnbtn-primarybtn-block"id="dl">登录</button></div><!--登录口提示信息--><divclass="form-group"><divclass="alertalert-danger"role="alert"id="dlktsxx"></div></div></div><divid="profile"class="tab-pane"align="center"><imgid="qrcode"src=""class="img-thumbnail"alt="CinqueTerre"style="weight:220px;height:220px;"><imgid="qrcodeerror"src="/css/assets/images/erweima.png"class="img-thumbnail"alt="CinqueTerre"style="weight:220px;height:220px;display:none;cursor:pointer;"><pclass="tipsqrcode"><imgid="wxbs"src="/css/assets/images/timg.png"style="weight:15px;height:15px;">微信扫码</p><pclass="tipsqrcode">扫码关注公众号进行登录</p></div></div></div></form></div></div></div><!--footer--><divid="footerID"class="footer"style="background-color:"><p>版权所有&#169;Copyright沈阳理工大学辽宁省沈阳市浑南区南屏中路6号110159&nbsp;&nbsp;&nbsp;版本V-8.0.0</p></div><scripttype="text/javascript">//系统中页面底部的时间随系统时间来定/*vardate=newDate;varyear=date.getFullYear();vars=$("#footerID").text().indexOf('-');vartextNr=$("#footerID").text().substr(0,s+1)+year+$("#footerID").text().substr(s+5);$("#footerID").text("");$("#footerID").text(textNr);*/</script><!--footer-end--></body><scripttype="text/javascript">varsfydl=false;//作为页签切换是否停止计时器的标记，$('#myTaba[data-toggle="tab"]').on('show.bs.tab',function(e){vartab=e.target;//activatedtabvartabid=$(tab).parent().attr("id");varerweimatime;if(tabid=='second'){//扫码登录sfydl=true;//生成二维码$.ajax({url:_path+'/auth/auth_wechatQrcodeLogin.html',async:false,type:"post",dataType:"json",success:function(data){document.getElementById("qrcode").setAttribute("src",data.showqrcodepath);$("#qrcodeerror").attr('style','weight:220px;height:220px;display:none;cursor:pointer;');$("#qrcode").attr('style','weight:220px;height:220px;display:block;');erweimatime=data.erweimaexpire_seconds;}});}else{//用户登录sfydl=false;}//二维码刷新计时varmyVar=setInterval(myTimer,(erweimatime-10)*1000);//切换到扫码登录后进行轮训，判断用户是否已经登录varLoginTimer=setInterval(ztTimer,5000);functionmyTimer(){$("#qrcode").attr('style','weight:220px;height:220px;display:none;');$("#qrcodeerror").attr('style','weight:220px;height:220px;display:block;cursor:pointer;');//二维码失效时停止计时器clearInterval(myVar);clearInterval(LoginTimer);}functionztTimer(){if(!sfydl){//切换到用户登录页签时停止计时器clearInterval(myVar);clearInterval(LoginTimer);}else{if("1"==$("#sfxswechatlogin").val()){$.ajax({url:_path+'/auth/auth_cxYhLoginZt.html',async:false,type:"post",data:{scene_id:$("#scene_id").val()},dataType:"json",success:function(data){if(data.msg=='success'){//返回登录状态为成功时停止计时器clearInterval(LoginTimer);window.location.href=_path+data.redirectPath;}}});}}}//点击图片刷新二维码$("#qrcodeerror").click(function(){$.ajax({url:_path+'/auth/auth_wechatQrcodeLogin.html',async:false,type:"post",dataType:"json",success:function(data){document.getElementById("qrcode").setAttribute("src",data.showqrcodepath);$("#qrcodeerror").attr('style','weight:220px;height:220px;display:none;cursor:pointer;');$("#qrcode").attr('style','weight:220px;height:220px;display:block;');erweimatime=data.erweimaexpire_seconds;}});//二维码刷新计时varmyVar1=setInterval(myTimer1,(erweimatime-10)*1000);//切换到扫码登录后进行轮训，判断用户是否已经登录varLoginTimer1=setInterval(ztTimer1,5000);functionmyTimer1(){$("#qrcode").attr('style','weight:220px;height:220px;display:none');$("#qrcodeerror").attr('style','weight:220px;height:220px;display:block;cursor:pointer;');//二维码失效时停止计时器clearInterval(myVar1);clearInterval(LoginTimer1);}functionztTimer1(){if(!sfydl){//切换到用户登录页签时停止计时器clearInterval(myVar1);clearInterval(LoginTimer1);}else{if("1"==$("#sfxswechatlogin").val()){$.ajax({url:_path+'/auth/auth_cxYhLoginZt.html',async:false,type:"post",data:{scene_id:$("#scene_id").val()},dataType:"json",success:function(data){if(data.msg=='success'){//返回登录状态为成功时停止计时器clearInterval(LoginTimer1);window.location.href=_path+data.redirectPath;}}});}}}});});//统一身份验证登录按钮颜色if("1"==$("#rzzxxs").val()){if($.founded($("#rzys").val())){$("#tysfyzdl").attr("style","background-color:"+$("#rzys").val());}else{$("#tysfyzdl").attr("style","background-color:#blue");}}//访问统一身份验证$("#tysfyzdl").click(function(){window.location.href=$("#authJwglxtLoginURL").val();});jQuery(document).ready(function(){//$('#localChange').trigger("chosen");///detectOS();//用户名密码输错n次需输入验证码});vardlktsxx="电脑端360等浏览器请使用极速模式。建议浏览器：谷歌、火狐。电脑端可通过智慧理工免密登录。手机端可通过今日校园免密登录。新用户初始密码为身份证号后6位。";vararr=[];varhtml="";if(dlktsxx.indexOf("。")>-1){arr=dlktsxx.split("。");for(vars=0;s<arr.length;s++){if(arr[s]!=''){html+=arr[s]+"<br>";}}}else{html=dlktsxx;}$("#dlktsxx").html(html);//ipjQuery(function($){functionchangeLanguage(lang){$.ajaxSetup({async:false});jQuery.post(_path+"/xtgl/init_changeLocal.html",{//config-shiro.xml里要加这个language:lang!="en_US"?"zh_CN":"en_US"},function(b){if(1==parseInt(b)){if($("#topButton").size()>0){$("#topButton").click();}else{window.location.href=_path;}}},"json");$.ajaxSetup({async:true});}$("button.btn-lang").click(function(){if(!$(this).hasClass("btn-lang-enabled")){changeLanguage($(this).attr("value"));}})//切换英文if($(".btn-lang-enabled").val()=="en_US"){$("#xtmc").text("");$("title").text("")$("#wpjssq").text("NewTeacherAccountApplication");$("#wjmm").text("Forgotyourpassword?");$("#jzfw").text("Parentsvisit");$("#dlktsxx").hide();}});functionzhcxRedirect(){$.ajax({url:_path+'/auth/auth_getZhcxUrl.html',async:false,type:"post",dataType:"json",success:function(data){window.location.href=data.url;}});}</script><scripttype='text/javascript'src="/zftal-ui-v5-1.0.2/assets/plugins/crypto/rsa/jsbn.js?ver=28423403"></script><scripttype='text/javascript'src="/zftal-ui-v5-1.0.2/assets/plugins/crypto/rsa/prng4.js?ver=28423403"></script><scripttype='text/javascript'src="/zftal-ui-v5-1.0.2/assets/plugins/crypto/rsa/rng.js?ver=28423403"></script><scripttype='text/javascript'src="/zftal-ui-v5-1.0.2/assets/plugins/crypto/rsa/rsa.js?ver=28423403"></script><scripttype='text/javascript'src="/zftal-ui-v5-1.0.2/assets/plugins/crypto/rsa/base64.js?ver=28423403"></script><scripttype="text/javascript"src="/js/globalweb/login/login.js?ver=28423403"></script></html>
[Network]: <-- END HTTP (16090-byte body)
[SyluUser]: 2203050528开始获取RSA公钥
[Network]: --> GET https://jxw.sylu.edu.cn/xtgl/login_getPublicKey.html?time=1709207386061 http/1.1
[Network]: Host: jxw.sylu.edu.cn
[Network]: Connection: Keep-Alive
[Network]: Accept-Encoding: gzip
[Network]: Cookie: JSESSIONID=E306913B3E66E52FB800F1C011CC738A
[Network]: User-Agent: okhttp/4.12.0
[Network]: --> END GET
[Network]: <-- 200 OK https://jxw.sylu.edu.cn/xtgl/login_getPublicKey.html?time=1709207386061 (181ms)
[Network]: X-Powered-By: Servlet/3.0 JSP/2.2 (ZFSOFT-SERVER Java/Oracle Corporation/1.8.0_201-b09)
[Network]: P3P: CP=CAO PSA OUR
[Network]: X-Frame-Options: SAMEORIGIN
[Network]: X-XSS-Protection: 1; mode=block
[Network]: X-Content-Type-Options: nosniff
[Network]: Content-Security-Policy: script-src 'self' 'unsafe-inline'
[Network]: Content-Encoding: gzip
[Network]: Content-Type: application/json;charset=UTF-8
[Network]: Content-Language: zh-CN
[Network]: Content-Length: 209
[Network]: Date: Thu, 29 Feb 2024 11:49:45 GMT
[Network]: Server: ZFSOFT.Inc
[Network]: 
[Network]: {"modulus":"AIqriCKfgP4UDFSnggo8tdCNNr7ZZojjYp4EzZdFsxdQk\/+XXyXpqj0Mmc0WX+FX81fRAoQl3nBr\/8SYwVo9+4267xgk2Z2kFGYxJr+9r5X0bBblZnbeVSXe4MOtf1FioDWRoDAvDEqs9qlf1XqbeEenA+Z7+I9wdZykucp4znV5","exponent":"AQAB"}
[Network]: <-- END HTTP (206-byte, 209-gzipped-byte body)
[SyluUser]: 2203050528RSA公钥获取完成, 开始登录
[Network]: --> POST https://jxw.sylu.edu.cn/xtgl/login_slogin.html http/1.1
[Network]: Content-Type: application/x-www-form-urlencoded
[Network]: Content-Length: 200
[Network]: Host: jxw.sylu.edu.cn
[Network]: Connection: Keep-Alive
[Network]: Accept-Encoding: gzip
[Network]: Cookie: JSESSIONID=E306913B3E66E52FB800F1C011CC738A
[Network]: User-Agent: okhttp/4.12.0
[Network]: 
[Network]: yhm=2203050528&mm=T3Izr6KGsTiSoR5wmh1oOaoKjiH7SXjQV9SIjL7j4sYbUTkK2nbelU%2FnT0T12j3SKrVJHZrfUqf2y8dhpJ6XgKaM3prt80gI0bs7%2BQuaTQ%2Ft05VV4k9Oi46dNa6j%2Fv1aQKKN4JPuQ4X4YVctLCNlLyoh6VXdSR88C6SZwJ7Julk%3D
[Network]: --> END POST (200-byte body)
[Network]: <-- 302 Found https://jxw.sylu.edu.cn/xtgl/login_slogin.html (404ms)
[Network]: X-Powered-By: Servlet/3.0 JSP/2.2 (ZFSOFT-SERVER Java/Oracle Corporation/1.8.0_201-b09)
[Network]: P3P: CP=CAO PSA OUR
[Network]: Set-Cookie: rememberMe=deleteMe; Path=/; Max-Age=0; Expires=Wed, 28-Feb-2024 11:49:46 GMT; SameSite=lax
[Network]: Set-Cookie: JSESSIONID=5F430ED9F578AC35212E90F131D8A563; Path=/; HttpOnly
[Network]: Location: /
[Network]: Content-Length: 0
[Network]: Date: Thu, 29 Feb 2024 11:49:45 GMT
[Network]: Server: ZFSOFT.Inc
[Network]: <-- END HTTP (0-byte body)
[Network]: --> GET https://jxw.sylu.edu.cn/ http/1.1
[Network]: Host: jxw.sylu.edu.cn
[Network]: Connection: Keep-Alive
[Network]: Accept-Encoding: gzip
[Network]: Cookie: JSESSIONID=5F430ED9F578AC35212E90F131D8A563; rememberMe=deleteMe
[Network]: User-Agent: okhttp/4.12.0
[Network]: --> END GET
[Network]: <-- 200 OK https://jxw.sylu.edu.cn/ (93ms)
[Network]: X-Powered-By: Servlet/3.0 JSP/2.2 (ZFSOFT-SERVER Java/Oracle Corporation/1.8.0_201-b09)
[Network]: X-Frame-Options: SAMEORIGIN
[Network]: X-XSS-Protection: 1; mode=block
[Network]: X-Content-Type-Options: nosniff
[Network]: Content-Type: text/html;charset=utf-8
[Network]: Content-Language: zh-CN
[Network]: Content-Length: 212
[Network]: Date: Thu, 29 Feb 2024 11:49:45 GMT
[Network]: Server: ZFSOFT.Inc
[Network]: 
[Network]: <!doctypehtml><html><head><scripttype="text/javascript">window.location="/xtgl/dl_loginForward.html?language=&_t="+newDate().getTime();</script></head><body></body></html>
[Network]: <-- END HTTP (212-byte body)
[SyluUser]: 2203050528登录成功
[Network]: --> POST https://jxw.sylu.edu.cn/cjcx/cjcx_cxXsgrcj.html?doType=query&gnmkdm=N305005&su=2203050528 http/1.1
[Network]: Content-Type: application/x-www-form-urlencoded
[Network]: Content-Length: 96
[Network]: Host: jxw.sylu.edu.cn
[Network]: Connection: Keep-Alive
[Network]: Accept-Encoding: gzip
[Network]: Cookie: JSESSIONID=5F430ED9F578AC35212E90F131D8A563; rememberMe=deleteMe
[Network]: User-Agent: okhttp/4.12.0
[Network]: 
[Network]: xnm=&xqm=&_search=false&nd=1709207386790&queryModel.showCount=50&queryModel.currentPage=1&time=2
[Network]: --> END POST (96-byte body)
[Network]: <-- 200 OK https://jxw.sylu.edu.cn/cjcx/cjcx_cxXsgrcj.html?doType=query&gnmkdm=N305005&su=2203050528 (2119ms)
[Network]: X-Powered-By: Servlet/3.0 JSP/2.2 (ZFSOFT-SERVER Java/Oracle Corporation/1.8.0_201-b09)
[Network]: X-Frame-Options: SAMEORIGIN
[Network]: X-XSS-Protection: 1; mode=block
[Network]: X-Content-Type-Options: nosniff
[Network]: Content-Encoding: gzip
[Network]: Content-Type: application/json;charset=UTF-8
[Network]: Content-Language: zh-CN
[Network]: Transfer-Encoding: chunked
[Network]: Date: Thu, 29 Feb 2024 11:49:47 GMT
[Network]: Server: ZFSOFT.Inc
[Network]: 
[Network]: {"currentPage":1,"currentResult":0,"entityOrField":false,"items":[{"bfzcj":"85","bh":"22030505","bh_id":"E06E65BE0AA38F52E0530100050A6823","bj":"22030505","cj":"良好","cjsfzf":"否","date":"二○二四年二月二十九日","dateDigit":"2024年2月29日","dateDigitSeparator":"2024-2-29","day":"29","jd":"3.50","jg_id":"03","jgmc":"信息科学与工程学院","jgpxzd":"1","jsxm":"汪东雷","jxb_id":"E269891B3F73BE8FE0530100050AF67E","jxbmc":"(2022-2023-1)-210000010-3","kcbj":"主修","kcgsmc":"身体心理素质教育模块","kch":"210000010","kch_id":"210000010","kclbmc":"选修课","kcmc":"大学生安全教育","kcxzdm":"22","kcxzmc":"通识教育理论选修","key":"E269891B3F73BE8FE0530100050AF67E-2203050528","khfsmc":"考查","kkbmmc":"学生处","kklxdm":"通识选修课","ksxz":"正常考试","ksxzdm":"01","listnav":"false","localeKey":"zh_CN","month":"2","njdm_id":"2022","njmc":"2022","pageTotal":0,"pageable":true,"queryModel":{"currentPage":1,"currentResult":0,"entityOrField":false,"limit":15,"offset":0,"pageNo":0,"pageSize":15,"showCount":10,"sorts":[],"totalCount":0,"totalPage":0,"totalResult":0},"rangeable":true,"row_id":"1","rwzxs":"24","sfdkbcx":"否","sfxwkc":"否","sfzh":"210603200404246515","tjrxm":"汪东雷","tjsj":"2023-02-0609:24:22","totalResult":"48","userModel":{"monitor":false,"roleCount":0,"roleKeys":"","roleValues":"","status":0,"usable":false},"xb":"男","xbm":"1","xf":"1.5","xfjd":"5.25","xh":"2203050528","xh_id":"7f1fe5d8be4f76ec72f9aba895d59c0570a1fdf89c2ad4d45688b9d9686d70da5a8a34e85f8f94a5f82303fc7c79a0a12c9d6ebeb0011b8bc50f0f827d25cccd41c9ddd10af057281e03591aa374c09d8b6e5302c0d922dae4c603059b0e50f905abf1f616a08a9ba8cb169b43b26d9508be4e159727cc64d0e79260f070d1a8","xm":"赵洋","xnm":"2022","xnmmc":"2022-2023","xqm":"3","xqmmc":"1","year":"2024","zsxymc":"信息科学与工程学院","zyh_id":"0305","zymc":"计算机科学与技术"},{"bfzcj":"79.1","bh":"22030505","bh_id":"E06E65BE0AA38F52E0530100050A6823","bj":"22030505","cj":"79.1","cjsfzf":"否","date":"二○二四年二月二十九日","dateDigit":"2024年2月29日","dateDigitSeparator":"2024-2-29","day":"29","jd":"2.91","jg_id":"03","jgmc":"信息科学与工程学院","jgpxzd":"1","jsxm":"冯艳君","jxb_id":"E1DBFDCEE0D78CFFE0530100050ACAA5","jxbmc":"(2022-2023-1)-210300001-4","kcbj":"主修","kch":"210300001","kch_id":"210300001","kclbmc":"必修课","kcmc":"程序设计基础","kcxzdm":"25","kcxzmc":"学科教育理论必修","key":"E1DBFDCEE0D78CFFE0530100050ACAA5-2203050528","khfsmc":"考试","kkbmmc":"信息科学与工程学院","kklxdm":"主修课程","ksxz":"正常考试","ksxzdm":"01","listnav":"false","localeKey":"zh_CN","month":"2","njdm_id":"2022","njmc":"2022","pageTotal":0,"pageable":true,"queryModel":{"currentPage":1,"currentResult":0,"entityOrField":false,"limit":15,"offset":0,"pageNo":0,"pageSize":15,"showCount":10,"sorts":[],"totalCount":0,"totalPage":0,"totalResult":0},"rangeable":true,"row_id":"2","rwzxs":"48","sfdkbcx":"否","sfxwkc":"是","sfzh":"210603200404246515","tjrxm":"冯艳君","tjsj":"2023-03-1920:31:31","totalResult":"48","userModel":{"monitor":false,"roleCount":0,"roleKeys":"","roleValues":"","status":0,"usable":false},"xb":"男","xbm":"1","xf":"3.0","xfjd":"8.73","xh":"2203050528","xh_id":"1d8f41d3cff9229283869397422019124c0d9b94c898d33f6ec73a8566fa3f00df3fc66e3732e32ab9ae93991b32f94765eb742541ae2e45a238325f4df4ceaf1a8164463debdff4076557b0474556b9892bd9302c3a376521dc40bae6f7b1b9e6ab8fd49b213761b7ec2caa9cf571d4d2a49bb5caa690b69c368b5e2ef6e4d7","xm":"赵洋","xnm":"2022","xnmmc":"2022-2023","xqm":"3","xqmmc":"1","year":"2024","zsxymc":"信息科学与工程学院","zyh_id":"0305","zymc":"计算机科学与技术"},{"bfzcj":"95","bh":"22030505","bh_id":"E06E65BE0AA38F52E0530100050A6823","bj":"22030505","cj":"优秀","cjsfzf":"否","date":"二○二四年二月二十九日","dateDigit":"2024年2月29日","dateDigitSeparator":"2024-2-29","day":"29","jd":"4.50","jg_id":"03","jgmc":"信息科学与工程学院","jgpxzd":"1","jsxm":"崔宁海;吴嘉轩;曹烨;郭向坤;李晓静","jxb_id":"E1ED2594FB7F5C4BE0530100050A2C5F","jxbmc":"(2022-2023-1)-210300003-2","kcbj":"主修","kch":"210300003","kch_id":"210300003","kclbmc":"必修课","kcmc":"程序设计基础课程设计B","kcxzdm":"27","kcxzmc":"学科教育实践必修","key":"E1ED2594FB7F5C4BE0530100050A2C5F-2203050528","khfsmc":"考查","kkbmmc":"信息科学与工程学院","kklxdm":"主修课程","ksxz":"正常考试","ksxzdm":"01","listnav":"false","localeKey":"zh_CN","month":"2","njdm_id":"2022","njmc":"2022","pageTotal":0,"pageable":true,"queryModel":{"currentPage":1,"currentResult":0,"entityOrField":false,"limit":15,"offset":0,"pageNo":0,"pageSize":15,"showCount":10,"sorts":[],"totalCount":0,"totalPage":0,"totalResult":0},"rangeable":true,"row_id":"3","rwzxs":"16","sfdkbcx":"否","sfxwkc":"否","sfzh":"210603200404246515","tjrxm":"崔宁海","tjsj":"2023-03-1715:06:02","totalResult":"48","userModel":{"monitor":false,"roleCount":0,"roleKeys":"","roleValues":"","status":0,"usable":false},"xb":"男","xbm":"1","xf":"1.0","xfjd":"4.50","xh":"2203050528","xh_id":"38d0c943500b5efc91e1614cac45f6ba173a5aa1d327f19b9fd8428c6f97dacbc85fa641e92633a552aa08ff9a7e085483b27c62ce84eb2a5cd33617c7fa0f6f48180d5ede8773be719f26ea3ddccd3fa8cf7cef7ffc09a6d97ee0c865c2240e75a7be1bece9c21ec5c85983620238f8b0c6e6e4246a52016e9c579233930af1","xm":"赵洋","xnm":"2022","xnmmc":"2022-2023","xqm":"3","xqmmc":"1","year":"2024","zsxymc":"信息科学与工程学院","zyh_id":"0305","zymc":"计算机科学与技术"},{"bfzcj":"79.9","bh":"22030505","bh_id":"E06E65BE0AA38F52E0530100050A6823","bj":"22030505","cj":"79.9","cjsfzf":"否","date":"二○二四年二月二十九日","dateDigit":"2024年2月29日","dateDigitSeparator":"2024-2-29","day":"29","jd":"2.99","jg_id":"03","jgmc":"信息科学与工程学院","jgpxzd":"1","jsxm":"朱宏博","jxb_id":"E1DD729F1195612EE0530100050A9D4E","jxbmc":"(2022-2023-1)-210300004-2","kcbj":"主修","kch":"210300004","kch_id":"210300004","kclbmc":"选修课","kcmc":"计算机导论","kcxzdm":"26","kcxzmc":"学科教育理论选修","key":"E1DD729F1195612EE0530100050A9D4E-2203050528","khfsmc":"考查","kkbmmc":"信息科学与工程学院","kklxdm":"主修课程","ksxz":"正常考试","ksxzdm":"01","listnav":"false","localeKey":"zh_CN","month":"2","njdm_id":"2022","njmc":"2022","pageTotal":0,"pageable":true,"queryModel":{"currentPage":1,"currentResult":0,"entityOrField":false,"limit":15,"offset":0,"pageNo":0,"pageSize":15,"showCount":10,"sorts":[],"totalCount":0,"totalPage":0,"totalResult":0},"rangeable":true,"row_id":"4","rwzxs":"16","sfdkbcx":"否","sfxwkc":"否","sfzh":"210603200404246515","tjrxm":"朱宏博","tjsj":"2023-03-1417:53:00","totalResult":"48","userModel":{"monitor":false,"roleCount":0,"roleKeys":"","roleValues":"","status":0,"usable":false},"xb":"男","xbm":"1","xf":"1.0","xfjd":"2.99","xh":"2203050528","xh_id":"6a8b58267f4144ec5bb7d8236abaec308c3098257f04d19f612fe46b36675d832b068969408d7df2509ab6dffec68d84cef9f4e4add0ce50645f2f3abef9641581895aec4ea56507f9959cb66aec273f72ff53683eb00a3f4683e9c039e3c310158fc75052809e216f5cd16106ecb6f9fabd5c36bdccb7b35ab300a50571e4c0","xm":"赵洋","xnm":"2022","xnmmc":"2022-2023","xqm":"3","xqmmc":"1","year":"2024","zsxymc":"信息科学与工程学院","zyh_id":"0305","zymc":"计算机科学与技术"},{"bfzcj":"85","bh":"22030505","bh_id":"E06E65BE0AA38F52E0530100050A6823","bj":"22030505","cj":"良好","cjsfzf":"否","date":"二○二四年二月二十九日","dateDigit":"2024年2月29日","dateDigitSeparator":"2024-2-29","day":"29","jd":"3.50","jg_id":"03","jgmc":"信息科学与工程学院","jgpxzd":"1","jsxm":"王展红;曹烨;徐志勇;李晓静;杨雨彤","jxb_id":"E1DC89A0C259BF73E0530100050A2A04","jxbmc":"(2022-2023-1)-210300005-2","kcbj":"主修","kch":"210300005","kch_id":"210300005","kclbmc":"选修课","kcmc":"程序设计实践","kcxzdm":"28","kcxzmc":"学科教育实践选修","key":"E1DC89A0C259BF73E0530100050A2A04-2203050528","khfsmc":"考查","kkbmmc":"信息科学与工程学院","kklxdm":"主修课程","ksxz":"正常考试","ksxzdm":"01","listnav":"false","localeKey":"zh_CN","month":"2","njdm_id":"2022","njmc":"2022","pageTotal":0,"pageable":true,"queryModel":{"currentPage":1,"currentResult":0,"entityOrField":false,"limit":15,"offset":0,"pageNo":0,"pageSize":15,"showCount":10,"sorts":[],"totalCount":0,"totalPage":0,"totalResult":0},"rangeable":true,"row_id":"5","rwzxs":"16","sfdkbcx":"否","sfxwkc":"否","sfzh":"210603200404246515","tjrxm":"王展红","tjsj":"2023-01-0611:47:10","totalResult":"48","userModel":{"monitor":false,"roleCount":0,"roleKeys":"","roleValues":"","status":0,"usable":false},"xb":"男","xbm":"1","xf":"0.5","xfjd":"1.75","xh":"2203050528","xh_id":"3746b201bf1b19bf3dc95e79e8d7a2d15e009dc03d0f6190eb1106f3525470169b866b61d3143c340aaf161bc1cc7dd768274a02c68a17404e701458981d42534dcb299d129cca082127a8fee063baf28b6588e7a0822891f8cdd4d8a147dc51d99f8c559da31d2dbeaa389b49c7a7ed9d8e42f93524d40da492cf6395871031","xm":"赵洋","xnm":"2022","xnmmc":"2022-2023","xqm":"3","xqmmc":"1","year":"2024","zsxymc":"信息科学与工程学院","zyh_id":"0305","zymc":"计算机科学与技术"},{"bfzcj":"56.8","bh":"22030505","bh_id":"E06E65BE0AA38F52E0530100050A6823","bj":"22030505","cj":"56.8","cjsfzf":"否","date":"二○二四年二月二十九日","dateDigit":"2024年2月29日","dateDigitSeparator":"2024-2-29","day":"29","jd":"0.00","jg_id":"03","jgmc":"信息科学与工程学院","jgpxzd":"1","jsxm":"陈颖","jxb_id":"E1DC606C1566B1BBE0530100050AE169","jxbmc":"(2022-2023-1)-210700016-38","kcbj":"主修","kch":"210700016","kch_id":"210700016","kclbmc":"必修课","kcmc":"大学外语1","kcxzdm":"21","kcxzmc":"通识教育理论必修","key":"E1DC606C1566B1BBE0530100050AE169-2203050528","khfsmc":"考试","kkbmmc":"外国语学院","kklxdm":"主修课程","ksxz":"正常考试","ksxzdm":"01","listnav":"false","localeKey":"zh_CN","month":"2","njdm_id":"2022","njmc":"2022","pageTotal":0,"pageable":true,"queryModel":{"currentPage":1,"currentResult":0,"entityOrField":false,"limit":15,"offset":0,"pageNo":0,"pageSize":15,"showCount":10,"sorts":[],"totalCount":0,"totalPage":0,"totalResult":0},"rangeable":true,"row_id":"6","rwzxs":"48","sfdkbcx":"否","sfxwkc":"否","sfzh":"210603200404246515","tjrxm":"陈颖","tjsj":"2023-03-1517:05:43","totalResult":"48","userModel":{"monitor":false,"roleCount":0,"roleKeys":"","roleValues":"","status":0,"usable":false},"xb":"男","xbm":"1","xf":"3.0","xfjd":"0.00","xh":"2203050528","xh_id":"159bd774406fe9649aa1bce8bc2a6fcdea22af7de393d27e964f5d1ffaa340acb9318f9bc94222d1a409652eafe5b12bd917d9b0c1662343ef5d3cb1db3a8a7b618cfcbd207c050d86bad1388ee03f3cb3b70e33dc5622e5726be01f17881ef363c1e102234620923db41d998b359b035e8c902b8a2a911b93d83a22e588ece7","xm":"赵洋","xnm":"2022","xnmmc":"2022-2023","xqm":"3","xqmmc":"1","year":"2024","zsxymc":"信息科学与工程学院","zyh_id":"0305","zymc":"计算机科学与技术"},{"bfzcj":"88","bh":"22030505","bh_id":"E06E65BE0AA38F52E0530100050A6823","bj":"22030505","cj":"88","cjsfzf":"否","date":"二○二四年二月二十九日","dateDigit":"2024年2月29日","dateDigitSeparator":"2024-2-29","day":"29","jd":"3.80","jg_id":"03","jgmc":"信息科学与工程学院","jgpxzd":"1","jsxm":"唐颖","jxb_id":"E1DA260E7A49CE6CE0530100050ABB35","jxbmc":"(2022-2023-1)-210900023-14","kcbj":"主修","kch":"210900023","kch_id":"210900023","kclbmc":"必修课","kcmc":"高等数学A1","kcxzdm":"21","kcxzmc":"通识教育理论必修","key":"E1DA260E7A49CE6CE0530100050ABB35-2203050528","khfsmc":"考试","kkbmmc":"理学院","kklxdm":"主修课程","ksxz":"正常考试","ksxzdm":"01","listnav":"false","localeKey":"zh_CN","month":"2","njdm_id":"2022","njmc":"2022","pageTotal":0,"pageable":true,"queryModel":{"currentPage":1,"currentResult":0,"entityOrField":false,"limit":15,"offset":0,"pageNo":0,"pageSize":15,"showCount":10,"sorts":[],"totalCount":0,"totalPage":0,"totalResult":0},"rangeable":true,"row_id":"7","rwzxs":"80","sfdkbcx":"否","sfxwkc":"否","sfzh":"210603200404246515","tjrxm":"唐颖","tjsj":"2023-03-1423:29:49","totalResult":"48","userModel":{"monitor":false,"roleCount":0,"roleKeys":"","roleValues":"","status":0,"usable":false},"xb":"男","xbm":"1","xf":"5.0","xfjd":"19.00","xh":"2203050528","xh_id":"0bc04ad07dfd3323fbdaaeb893f6e9af191e5978885aa2c8f0303afd07a14e2c8df6f50301bf1c56850cb4b7e3afb825cd686faf1e776d33bc61198fc8dd13410de372667d3aa55be73fe6f5958bbd831c6396f15474da534e923b9f20aec0bb44eef9ba51d2d1f781b66775dde713bb8adb3ed3e963957176d059394521dc82","xm":"赵洋","xnm":"2022","xnmmc":"2022-2023","xqm":"3","xqmmc":"1","year":"2024","zsxymc":"信息科学与工程学院","zyh_id":"0305","zymc":"计算机科学与技术"},{"bfzcj":"85","bh":"22030505","bh_id":"E06E65BE0AA38F52E0530100050A6823","bj":"22030505","cj":"良好","cjsfzf":"否","date":"二○二四年二月二十九日","dateDigit":"2024年2月29日","dateDigitSeparator":"2024-2-29","day":"29","jd":"3.50","jg_id":"03","jgmc":"信息科学与工程学院","jgpxzd":"1","jsxm":"孙乃坤","jxb_id":"E1D94747DF6575C6E0530100050A6E20","jxbmc":"(2022-2023-1)-210900038-11","kcbj":"主修","kch":"210900038","kch_id":"210900038","kclbmc":"必修课","kcmc":"创造学基础","kcxzdm":"33","kcxzmc":"个性培养理论必修","key":"E1D94747DF6575C6E0530100050A6E20-2203050528","khfsmc":"考查","kkbmmc":"理学院","kklxdm":"主修课程","ksxz":"正常考试","ksxzdm":"01","listnav":"false","localeKey":"zh_CN","month":"2","njdm_id":"2022","njmc":"2022","pageTotal":0,"pageable":true,"queryModel":{"currentPage":1,"currentResult":0,"entityOrField":false,"limit":15,"offset":0,"pageNo":0,"pageSize":15,"showCount":10,"sorts":[],"totalCount":0,"totalPage":0,"totalResult":0},"rangeable":true,"row_id":"8","rwzxs":"24","sfdkbcx":"否","sfxwkc":"否","sfzh":"210603200404246515","tjrxm":"孙乃坤","tjsj":"2022-12-3112:01:11","totalResult":"48","userModel":{"monitor":false,"roleCount":0,"roleKeys":"","roleValues":"","status":0,"usable":false},"xb":"男","xbm":"1","xf":"1.5","xfjd":"5.25","xh":"2203050528","xh_id":"4a9a9499ba83bec3691bfe6989a435e16b4ed53c38eb5f9010ef9ba73afe8b054279da7058e46119a38fd7d557dc4d98210fe2cc6fa6e0016b7fbcaf6938e09bd752a0f22bfd1f8dc81426b8ebd43dabb9857f2e07ca413c9b26672894da095e2c530a4c740b0e8d248b45b3b57591f1d0a35252c345b8fa73097304f895357d","xm":"赵洋","xnm":"2022","xnmmc":"2022-2023","xqm":"3","xqmmc":"1","year":"2024","zsxymc":"信息科学与工程学院","zyh_id":"0305","zymc":"计算机科学与技术"},{"bfzcj":"75.4","bh":"22030505","bh_id":"E06E65BE0AA38F52E0530100050A6823","bj":"22030505","cj":"75.4","cjsfzf":"否","date":"二○二四年二月二十九日","dateDigit":"2024年2月29日","dateDigitSeparator":"2024-2-29","day":"29","jd":"2.54","jg_id":"03","jgmc":"信息科学与工程学院","jgpxzd":"1","jsxm":"张绍英","jxb_id":"E1A0AA89B272BB03E0530100050A8EC9","jxbmc":"(2022-2023-1)-211700009-篮球1-1","kcbj":"主修","kch":"211700009","kch_id":"211700009","kclbmc":"必修课","kcmc":"体育1","kcxzdm":"23","kcxzmc":"通识教育实践必修","key":"E1A0AA89B272BB03E0530100050A8EC9-2203050528","khfsmc":"考查","kkbmmc":"体育部","kklxdm":"体育分项","ksxz":"正常考试","ksxzdm":"01","listnav":"false","localeKey":"zh_CN","month":"2","njdm_id":"2022","njmc":"2022","pageTotal":0,"pageable":true,"queryModel":{"currentPage":1,"currentResult":0,"entityOrField":false,"limit":15,"offset":0,"pageNo":0,"pageSize":15,"showCount":10,"sorts":[],"totalCount":0,"totalPage":0,"totalResult":0},"rangeable":true,"row_id":"9","rwzxs":"24","sfdkbcx":"否","sfxwkc":"否","sfzh":"210603200404246515","tjrxm":"张绍英","tjsj":"2023-01-0722:47:16","totalResult":"48","userModel":{"monitor":false,"roleCount":0,"roleKeys":"","roleValues":"","status":0,"usable":false},"xb":"男","xbm":"1","xf":"0.75","xfjd":"1.91","xh":"2203050528","xh_id":"5c8e185f17c111bb9f9c26e77ee408060482218ec3c5fb3d4e3eb3493b79e231a9a06edd4c6d5e04ead64f48a064f83d395418224b4da3d406e0d27c3ee0765a22a526c16183131d7c5e68441d7ebb16098efb778b0fd38057093ca4ff74e6dcd7e937ac5ae28b356610d30f6d7722dba80740e3f9a7fa337115acbcd956f414","xm":"赵洋","xnm":"2022","xnmmc":"2022-2023","xqm":"3","xqmmc":"1","year":"2024","zsxymc":"信息科学与工程学院","zyh_id":"0305","zymc":"计算机科学与技术"},{"bfzcj":"65","bh":"22030505","bh_id":"E06E65BE0AA38F52E0530100050A6823","bj":"22030505","cj":"及格","cjsfzf":"否","date":"二○二四年二月二十九日","dateDigit":"2024年2月29日","dateDigitSeparator":"2024-2-29","day":"29","jd":"1.50","jg_id":"03","jgmc":"信息科学与工程学院","jgpxzd":"1","jsxm":"曹雨顺","jxb_id":"ED90DA085F300AA0E0530200050ADF17","jxbmc":"(2022-2023-1)-215400015-06","kcbj":"主修","kch":"215400015","kch_id":"215400015","kclbmc":"必修课","kcmc":"军训","kcxzdm":"23","kcxzmc":"通识教育实践必修","key":"ED90DA085F300AA0E0530200050ADF17-2203050528","khfsmc":"考查","kkbmmc":"学生处","kklxdm":"主修课程","ksxz":"正常考试","ksxzdm":"01","listnav":"false","localeKey":"zh_CN","month":"2","njdm_id":"2022","njmc":"2022","pageTotal":0,"pageable":true,"queryModel":{"currentPage":1,"currentResult":0,"entityOrField":false,"limit":15,"offset":0,"pageNo":0,"pageSize":15,"showCount":10,"sorts":[],"totalCount":0,"totalPage":0,"totalResult":0},"rangeable":true,"row_id":"10","rwzxs":"32","sfdkbcx":"否","sfxwkc":"否","sfzh":"210603200404246515","tjrxm":"曹雨顺","tjsj":"2023-05-3115:29:02","totalResult":"48","userModel":{"monitor":false,"roleCount":0,"roleKeys":"","roleValues":"","status":0,"usable":false},"xb":"男","xbm":"1","xf":"2.0","xfjd":"3.00","xh":"2203050528","xh_id":"0e6fbfd000fd118d6b2ceca2e960f7025799924ac377eb6adc55a3cd7c5b7774a0e50b99bf513c9803916a061b626538ed83205d5fb3197f91c48d5915c5b546e4cb16d05cea232dcc301d9736d041e4e4d08ed97004e945cd1a2ddbb3af5260acdcfdaad7a49c3927684d5e8841cbaae8a6d3181b25d5c478ffa6c44907344c","xm":"赵洋","xnm":"2022","xnmmc":"2022-2023","xqm":"3","xqmmc":"1","year":"2024","zsxymc":"信息科学与工程学院","zyh_id":"0305","zymc":"计算机科学与技术"},{"bfzcj":"75","bh":"22030505","bh_id":"E06E65BE0AA38F52E0530100050A6823","bj":"22030505","cj":"中等","cjsfzf":"否","date":"二○二四年二月二十九日","dateDigit":"2024年2月29日","dateDigitSeparator":"2024-2-29","day":"29","jd":"2.50","jg_id":"03","jgmc":"信息科学与工程学院","jgpxzd":"1","jsxm":"武光路","jxb_id":"E1DB29123C3F7A4AE0530200050A2826","jxbmc":"(2022-2023-1)-215400042-8","kcbj":"主修","kch":"215400042","kch_id":"215400042","kclbmc":"必修课","kcmc":"大学生心理健康指导","kcxzdm":"21","kcxzmc":"通识教育理论必修","key":"E1DB29123C3F7A4AE0530200050A2826-2203050528","khfsmc":"考查","kkbmmc":"学生处","kklxdm":"主修课程","ksxz":"正常考试","ksxzdm":"01","listnav":"false","localeKey":"zh_CN","month":"2","njdm_id":"2022","njmc":"2022","pageTotal":0,"pageable":true,"queryModel":{"currentPage":1,"currentResult":0,"entityOrField":false,"limit":15,"offset":0,"pageNo":0,"pageSize":15,"showCount":10,"sorts":[],"totalCount":0,"totalPage":0,"totalResult":0},"rangeable":true,"row_id":"11","rwzxs":"24","sfdkbcx":"否","sfxwkc":"否","sfzh":"210603200404246515","tjrxm":"武光路","tjsj":"2022-12-2109:28:36","totalResult":"48","userModel":{"monitor":false,"roleCount":0,"roleKeys":"","roleValues":"","status":0,"usable":false},"xb":"男","xbm":"1","xf":"1.5","xfjd":"3.75","xh":"2203050528","xh_id":"5d4ca0bc8627377c283141e5a0404314920ecd8b0cbde295d507b91108c341fb18ec13838902e88341ae178fc505f60f7e74837b5ebda8f61aef50f024530c3c36ccfc02d6e3d2198dcc66945135dcc205dd4315ec6900561e520719fc2de4b81b8d0ef4569be2b1e8c0f6f5d26af8c594cc1eb57cea9972c94de56c84fb719e","xm":"赵洋","xnm":"2022","xnmmc":"2022-2023","xqm":"3","xqmmc":"1","year":"2024","zsxymc":"信息科学与工程学院","zyh_id":"0305","zymc":"计算机科学与技术"},{"bfzcj":"95","bh":"22030505","bh_id":"E06E65BE0AA38F52E0530100050A6823","bj":"22030505","cj":"优秀","cjsfzf":"否","date":"二○二四年二月二十九日","dateDigit":"2024年2月29日","dateDigitSeparator":"2024-2-29","day":"29","jd":"4.50","jg_id":"03","jgmc":"信息科学与工程学院","jgpxzd":"1","jsxm":"闫英华","jxb_id":"E1DA260E7DAACE6CE0530100050ABB35","jxbmc":"(2022-2023-1)-217800041-5","kcbj":"主修","kch":"217800041","kch_id":"217800041","kclbmc":"必修课","kcmc":"大学生健康教育","kcxzdm":"21","kcxzmc":"通识教育理论必修","key":"E1DA260E7DAACE6CE0530100050ABB35-2203050528","khfsmc":"考查","kkbmmc":"校医院","kklxdm":"主修课程","ksxz":"正常考试","ksxzdm":"01","listnav":"false","localeKey":"zh_CN","month":"2","njdm_id":"2022","njmc":"2022","pageTotal":0,"pageable":true,"queryModel":{"currentPage":1,"currentResult":0,"entityOrField":false,"limit":15,"offset":0,"pageNo":0,"pageSize":15,"showCount":10,"sorts":[],"totalCount":0,"totalPage":0,"totalResult":0},"rangeable":true,"row_id":"12","rwzxs":"16","sfdkbcx":"否","sfxwkc":"否","sfzh":"210603200404246515","tjrxm":"闫英华","tjsj":"2022-12-2708:59:50","totalResult":"48","userModel":{"monitor":false,"roleCount":0,"roleKeys":"","roleValues":"","status":0,"usable":false},"xb":"男","xbm":"1","xf":"1.0","xfjd":"4.50","xh":"2203050528","xh_id":"48e963e35cb4cad7bc1e4b7eda44218094721f6f63e122b58411960c18cba646313c2a1c60f9ad0baed2623cb9ff3015880e84a2b482cab14f0aa79d4e95c266aa1a616a6de33fee0431a7ed9de238d8471945c16f88b16c7b9a923e2f11976f39673b2dcb88378f750d48db2b74cd4722b9ef6d28d1d7c9080732654dd027bf","xm":"赵洋","xnm":"2022","xnmmc":"2022-2023","xqm":"3","xqmmc":"1","year":"2024","zsxymc":"信息科学与工程学院","zyh_id":"0305","zymc":"计算机科学与技术"},{"bfzcj":"85","bh":"22030505","bh_id":"E06E65BE0AA38F52E0530100050A6823","bj":"22030505","cj":"良好","cjsfzf":"否","date":"二○二四年二月二十九日","dateDigit":"2024年2月29日","dateDigitSeparator":"2024-2-29","day":"29","jd":"3.50","jg_id":"03","jgmc":"信息科学与工程学院","jgpxzd":"1","jsxm":"苗青","jxb_id":"E1DC89A0BB59BF73E0530100050A2A04","jxbmc":"(2022-2023-1)-219800003-9","kcbj":"主修","kch":"219800003","kch_id":"219800003","kclbmc":"必修课","kcmc":"思想道德与法治","kcxzdm":"21","kcxzmc":"通识教育理论必修","key":"E1DC89A0BB59BF73E0530100050A2A04-2203050528","khfsmc":"考查","kkbmmc":"马克思主义学院","kklxdm":"主修课程","ksxz":"正常考试","ksxzdm":"01","listnav":"false","localeKey":"zh_CN","month":"2","njdm_id":"2022","njmc":"2022","pageTotal":0,"pageable":true,"queryModel":{"currentPage":1,"currentResult":0,"entityOrField":false,"limit":15,"offset":0,"pageNo":0,"pageSize":15,"showCount":10,"sorts":[],"totalCount":0,"totalPage":0,"totalResult":0},"rangeable":true,"row_id":"13","rwzxs":"48","sfdkbcx":"否","sfxwkc":"否","sfzh":"210603200404246515","tjrxm":"苗青","tjsj":"2023-01-1515:37:04","totalResult":"48","userModel":{"monitor":false,"roleCount":0,"roleKeys":"","roleValues":"","status":0,"usable":false},"xb":"男","xbm":"1","xf":"3.0","xfjd":"10.50","xh":"2203050528","xh_id":"6d0f60a8b51e91ef196f78760d0d33087f956cc53818c1debbeba129effde7d0e22e6ccc254f570d0ad6f4182b74fb3c4a6d110b36ca314d484a481f253752bd0639d9e575ccf6a2e18478f194bd14e1fcb8c8a6aa0704e4a7595e0e3d66db8b4c9a16634733f68f40dbb03b6d0904eabaada2322cd4b8e9d6bb52181ae9362a","xm":"赵洋","xnm":"2022","xnmmc":"2022-2023","xqm":"3","xqmmc":"1","year":"2024","zsxymc":"信息科学与工程学院","zyh_id":"0305","zymc":"计算机科学与技术"},{"bfzcj":"85","bh":"22030505","bh_id":"E06E65BE0AA38F52E0530100050A6823","bj":"22030505","cj":"良好","cjsfzf":"否","date":"二○二四年二月二十九日","dateDigit":"2024年2月29日","dateDigitSeparator":"2024-2-29","day":"29","jd":"3.50","jg_id":"03","jgmc":"信息科学与工程学院","jgpxzd":"1","jsxm":"苗青;苏贻涛","jxb_id":"E1DDCBF879577B6FE0530200050A1D27","jxbmc":"(2022-2023-1)-219800005-10","kcbj":"主修","kch":"219800005","kch_id":"219800005","kclbmc":"必修课","kcmc":"形势与政策1","kcxzdm":"21","kcxzmc":"通识教育理论必修","key":"E1DDCBF879577B6FE0530200050A1D27-2203050528","khfsmc":"考查","kkbmmc":"马克思主义学院","kklxdm":"主修课程","ksxz":"正常考试","ksxzdm":"01","listnav":"false","localeKey":"zh_CN","month":"2","njdm_id":"2022","njmc":"2022","pageTotal":0,"pageable":true,"queryModel":{"currentPage":1,"currentResult":0,"entityOrField":false,"limit":15,"offset":0,"pageNo":0,"pageSize":15,"showCount":10,"sorts":[],"totalCount":0,"totalPage":0,"totalResult":0},"rangeable":true,"row_id":"14","rwzxs":"8","sfdkbcx":"否","sfxwkc":"否","sfzh":"210603200404246515","tjrxm":"苗青","tjsj":"2023-01-1513:08:22","totalResult":"48","userModel":{"monitor":false,"roleCount":0,"roleKeys":"","roleValues":"","status":0,"usable":false},"xb":"男","xbm":"1","xf":"0.5","xfjd":"1.75","xh":"2203050528","xh_id":"67bf3247b5c56b418c76509101693f5c35be4202b4009ec841036451d0e8033ed2ccb45e5485abe797894e0f25f3b5f5537eccd978c9be61d1adc36dd505baaf80ff8ea7027eb4b5003841acc852cbacb9fd264aa6573f11e274407861962152df2b94e4717086cca03e72752aaee0253f2240c804d605bd2611d168de710d0f","xm":"赵洋","xnm":"2022","xnmmc":"2022-2023","xqm":"3","xqmmc":"1","year":"2024","zsxymc":"信息科学与工程学院","zyh_id":"0305","zymc":"计算机科学与技术"},{"bfzcj":"95","bh":"22030505","bh_id":"E06E65BE0AA38F52E0530100050A6823","bj":"22030505","cj":"优秀","cjsfzf":"否","date":"二○二四年二月二十九日","dateDigit":"2024年2月29日","dateDigitSeparator":"2024-2-29","day":"29","jd":"4.50","jg_id":"03","jgmc":"信息科学与工程学院","jgpxzd":"1","jsxm":"赵辉","jxb_id":"EF4765A2EFD37719E0530100050A755E","jxbmc":"(2022-2023-2)-210000005-03","kcbj":"主修","kcgsmc":"美育模块","kch":"210000005","kch_id":"210000005","kclbmc":"选修课","kcmc":"音乐欣赏","kcxzdm":"22","kcxzmc":"通识教育理论选修","key":"EF4765A2EFD37719E0530100050A755E-2203050528","khfsmc":"考查","kkbmmc":"马克思主义学院","kklxdm":"通识选修课","ksxz":"正常考试","ksxzdm":"01","listnav":"false","localeKey":"zh_CN","month":"2","njdm_id":"2022","njmc":"2022","pageTotal":0,"pageable":true,"queryModel":{"currentPage":1,"currentResult":0,"entityOrField":false,"limit":15,"offset":0,"pageNo":0,"pageSize":15,"showCount":10,"sorts":[],"totalCount":0,"totalPage":0,"totalResult":0},"rangeable":true,"row_id":"15","rwzxs":"24","sfdkbcx":"否","sfxwkc":"否","sfzh":"210603200404246515","tjrxm":"赵辉","tjsj":"2023-06-0517:33:18","totalResult":"48","userModel":{"monitor":false,"roleCount":0,"roleKeys":"","roleValues":"","status":0,"usable":false},"xb":"男","xbm":"1","xf":"1.5","xfjd":"6.75","xh":"2203050528","xh_id":"16c833e57b5235c79d70852099f6aaca8747d2e70756d107d1e4af437ad72a83d5f45e78d2e61b9cf89b41638b42f6fda905749ca6cdad530a073a8697b3ab6c3b6fc5fe9a056cf172314d1d7186001e389c34dc73cb9f0be7e8815b5ca794bee89ffecf1e326461f77db1dab068255aeaea24302558a3dbba8f1707d7034fa0","xm":"赵洋","xnm":"2022","xnmmc":"2022-2023","xqm":"12","xqmmc":"2","year":"2024","zsxymc":"信息科学与工程学院","zyh_id":"0305","zymc":"计算机科学与技术"},{"bfzcj":"95","bh":"22030505","bh_id":"E06E65BE0AA38F52E0530100050A6823","bj":"22030505","cj":"优秀","cjsfzf":"否","date":"二○二四年二月二十九日","dateDigit":"2024年2月29日","dateDigitSeparator":"2024-2-29","day":"29","jd":"4.50","jg_id":"03","jgmc":"信息科学与工程学院","jgpxzd":"1","jsxm":"邹锴锋","jxb_id":"EF4861386F259EA3E0530200050AC688","jxbmc":"(2022-2023-2)-210000006-03","kcbj":"主修","kcgsmc":"美育模块","kch":"210000006","kch_id":"210000006","kclbmc":"选修课","kcmc":"戏剧鉴赏","kcxzdm":"22","kcxzmc":"通识教育理论选修","key":"EF4861386F259EA3E0530200050AC688-2203050528","khfsmc":"考查","kkbmmc":"马克思主义学院","kklxdm":"通识选修课","ksxz":"正常考试","ksxzdm":"01","listnav":"false","localeKey":"zh_CN","month":"2","njdm_id":"2022","njmc":"2022","pageTotal":0,"pageable":true,"queryModel":{"currentPage":1,"currentResult":0,"entityOrField":false,"limit":15,"offset":0,"pageNo":0,"pageSize":15,"showCount":10,"sorts":[],"totalCount":0,"totalPage":0,"totalResult":0},"rangeable":true,"row_id":"16","rwzxs":"24","sfdkbcx":"否","sfxwkc":"否","sfzh":"210603200404246515","tjrxm":"邹锴锋","tjsj":"2023-06-1317:39:54","totalResult":"48","userModel":{"monitor":false,"roleCount":0,"roleKeys":"","roleValues":"","status":0,"usable":false},"xb":"男","xbm":"1","xf":"1.5","xfjd":"6.75","xh":"2203050528","xh_id":"15e6ebab6ab91c202d856eee734c74354aa1dfac215d76822f717d041d1b546ec3d2410fa7676a66b3f7fcc8c1cbcb71bc4361a71c78d0871c52e802aca7085b8c38532e54b4751314ed43f1f84e36afda8867998eeec68b7dcead8330a946ce1d4b005ad7e101c0514ac64238070f950a6d945b13500ac3e07c8b8cb6a2822d","xm":"赵洋","xnm":"2022","xnmmc":"2022-2023","xqm":"12","xqmmc":"2","year":"2024","zsxymc":"信息科学与工程学院","zyh_id":"0305","zymc":"计算机科学与技术"},{"bfzcj":"89","bh":"22030505","bh_id":"E06E65BE0AA38F52E0530100050A6823","bj":"22030505","cj":"89","cjsfzf":"否","date":"二○二四年二月二十九日","dateDigit":"2024年2月29日","dateDigitSeparator":"2024-2-29","day":"29","jd":"3.90","jg_id":"03","jgmc":"信息科学与工程学院","jgpxzd":"1","jsxm":"宁佳绪","jxb_id":"EEC64163AA7F3A57E0530200050A5866","jxbmc":"(2022-2023-2)-210305201-03","kcbj":"主修","kch":"210305201","kch_id":"210305201","kclbmc":"必修课","kcmc":"面向对象程序设计","kcxzdm":"29","kcxzmc":"专业教育理论必修","key":"EEC64163AA7F3A57E0530200050A5866-2203050528","khfsmc":"考试","kkbmmc":"信息科学与工程学院","kklxdm":"主修课程","ksxz":"正常考试","ksxzdm":"01","listnav":"false","localeKey":"zh_CN","month":"2","njdm_id":"2022","njmc":"2022","pageTotal":0,"pageable":true,"queryModel":{"currentPage":1,"currentResult":0,"entityOrField":false,"limit":15,"offset":0,"pageNo":0,"pageSize":15,"showCount":10,"sorts":[],"totalCount":0,"totalPage":0,"totalResult":0},"rangeable":true,"row_id":"17","rwzxs":"48","sfdkbcx":"否","sfxwkc":"是","sfzh":"210603200404246515","tjrxm":"宁佳绪","tjsj":"2023-07-1123:12:28","totalResult":"48","userModel":{"monitor":false,"roleCount":0,"roleKeys":"","roleValues":"","status":0,"usable":false},"xb":"男","xbm":"1","xf":"3.0","xfjd":"11.70","xh":"2203050528","xh_id":"535bb635721aabcddbf2bf2192aa7fac0dc941f0552ddffac85f216ef1884c60297cf60a5098f292c58e482967c59d8158c4bec501970dc590e4a9947ab06f6a31a23b7491957139e51ca17df3b7406779ec809686d92fe5b3596f2a88bddeaa3945c2d91636adee471b6d3901cd5e86fc216dda4be14f480680aeeba071915a","xm":"赵洋","xnm":"2022","xnmmc":"2022-2023","xqm":"12","xqmmc":"2","year":"2024","zsxymc":"信息科学与工程学院","zyh_id":"0305","zymc":"计算机科学与技术"},{"bfzcj":"85","bh":"22030505","bh_id":"E06E65BE0AA38F52E0530100050A6823","bj":"22030505","cj":"良好","cjsfzf":"否","date":"二○二四年二月二十九日","dateDigit":"2024年2月29日","dateDigitSeparator":"2024-2-29","day":"29","jd":"3.50","jg_id":"03","jgmc":"信息科学与工程学院","jgpxzd":"1","jsxm":"宁佳绪;王永堃;曹烨;郭向坤;祁燕","jxb_id":"EEC471D7717DB9DFE0530200050A5E0A","jxbmc":"(2022-2023-2)-210305202-02","kcbj":"主修","kch":"210305202","kch_id":"210305202","kclbmc":"必修课","kcmc":"面向对象课程设计","kcxzdm":"31","kcxzmc":"专业教育实践必修","key":"EEC471D7717DB9DFE0530200050A5E0A-2203050528","khfsmc":"考查","kkbmmc":"信息科学与工程学院","kklxdm":"主修课程","ksxz":"正常考试","ksxzdm":"01","listnav":"false","localeKey":"zh_CN","month":"2","njdm_id":"2022","njmc":"2022","pageTotal":0,"pageable":true,"queryModel":{"currentPage":1,"currentResult":0,"entityOrField":false,"limit":15,"offset":0,"pageNo":0,"pageSize":15,"showCount":10,"sorts":[],"totalCount":0,"totalPage":0,"totalResult":0},"rangeable":true,"row_id":"18","rwzxs":"38","sfdkbcx":"否","sfxwkc":"否","sfzh":"210603200404246515","tjrxm":"宁佳绪","tjsj":"2023-07-1022:02:25","totalResult":"48","userModel":{"monitor":false,"roleCount":0,"roleKeys":"","roleValues":"","status":0,"usable":false},"xb":"男","xbm":"1","xf":"2.0","xfjd":"7.00","xh":"2203050528","xh_id":"0c51f3ed7009ed53073857605790a165de1de640d18cc4935e95db74be050b4128ddb895d7beb5b80b4767d8522b11a6edde840940177f3f141deb846c3ab2969c63cef6a0c2fcb08184b7de7aca742637cf2897366588f4063e750a6d57c587cb2856e2b7ed98999271acef9f7cd56eb8df03b14aa54e879e51fd299b2ce2c7","xm":"赵洋","xnm":"2022","xnmmc":"2022-2023","xqm":"12","xqmmc":"2","year":"2024","zsxymc":"信息科学与工程学院","zyh_id":"0305","zymc":"计算机科学与技术"},{"bfzcj":"74.5","bh":"22030505","bh_id":"E06E65BE0AA38F52E0530100050A6823","bj":"22030505","cj":"74.5","cjsfzf":"否","date":"二○二四年二月二十九日","dateDigit":"2024年2月29日","dateDigitSeparator":"2024-2-29","day":"29","jd":"2.45","jg_id":"03","jgmc":"信息科学与工程学院","jgpxzd":"1","jsxm":"冯壮;马玉峰","jxb_id":"EEC5E4BBD14DB519E0530200050A6C8D","jxbmc":"(2022-2023-2)-210305203-02","kcbj":"主修","kch":"210305203","kch_id":"210305203","kclbmc":"选修课","kcmc":"Web前端开发技术","kcxzdm":"30","kcxzmc":"专业教育理论选修","key":"EEC5E4BBD14DB519E0530200050A6C8D-2203050528","khfsmc":"考查","kkbmmc":"信息科学与工程学院","kklxdm":"主修课程","ksxz":"正常考试","ksxzdm":"01","listnav":"false","localeKey":"zh_CN","month":"2","njdm_id":"2022","njmc":"2022","pageTotal":0,"pageable":true,"queryModel":{"currentPage":1,"currentResult":0,"entityOrField":false,"limit":15,"offset":0,"pageNo":0,"pageSize":15,"showCount":10,"sorts":[],"totalCount":0,"totalPage":0,"totalResult":0},"rangeable":true,"row_id":"19","rwzxs":"32","sfdkbcx":"否","sfxwkc":"否","sfzh":"210603200404246515","tjrxm":"冯壮","tjsj":"2023-07-1320:05:42","totalResult":"48","userModel":{"monitor":false,"roleCount":0,"roleKeys":"","roleValues":"","status":0,"usable":false},"xb":"男","xbm":"1","xf":"2.0","xfjd":"4.90","xh":"2203050528","xh_id":"2ff0830619beea4e112c232be0770149e58b3a92c94943fd648c75b709af0bd18c612fccc8d62f518b743671b58b421694780d235cb84c77e8750dc174dbad0b554d2fe914cc74fbbbb3eeecd103507ff999e23012eddd57087c2da39c1b7d7c40b7c1be1c9d55ad28c24c0e3b9476ea549deb44404b5a1029948a786983eb00","xm":"赵洋","xnm":"2022","xnmmc":"2022-2023","xqm":"12","xqmmc":"2","year":"2024","zsxymc":"信息科学与工程学院","zyh_id":"0305","zymc":"计算机科学与技术"},{"bfzcj":"95","bh":"22030505","bh_id":"E06E65BE0AA38F52E0530100050A6823","bj":"22030505","cj":"优秀","cjsfzf":"否","date":"二○二四年二月二十九日","dateDigit":"2024年2月29日","dateDigitSeparator":"2024-2-29","day":"29","jd":"4.50","jg_id":"03","jgmc":"信息科学与工程学院","jgpxzd":"1","jsxm":"徐志勇","jxb_id":"EEC58BAAA22052F5E0530200050A38AA","jxbmc":"(2022-2023-2)-210305204-02","kcbj":"主修","kch":"210305204","kch_id":"210305204","kclbmc":"选修课","kcmc":"计算机组装与维护","kcxzdm":"30","kcxzmc":"专业教育理论选修","key":"EEC58BAAA22052F5E0530200050A38AA-2203050528","khfsmc":"考查","kkbmmc":"信息科学与工程学院","kklxdm":"主修课程","ksxz":"正常考试","ksxzdm":"01","listnav":"false","localeKey":"zh_CN","month":"2","njdm_id":"2022","njmc":"2022","pageTotal":0,"pageable":true,"queryModel":{"currentPage":1,"currentResult":0,"entityOrField":false,"limit":15,"offset":0,"pageNo":0,"pageSize":15,"showCount":10,"sorts":[],"totalCount":0,"totalPage":0,"totalResult":0},"rangeable":true,"row_id":"20","rwzxs":"32","sfdkbcx":"否","sfxwkc":"否","sfzh":"210603200404246515","tjrxm":"徐志勇","tjsj":"2023-07-1408:10:55","totalResult":"48","userModel":{"monitor":false,"roleCount":0,"roleKeys":"","roleValues":"","status":0,"usable":false},"xb":"男","xbm":"1","xf":"2.0","xfjd":"9.00","xh":"2203050528","xh_id":"0c44b6b690864fc7f27ebe626d043fcc6f78e2f63de826cfb8702c3b04164125b3182df7282309e913821701517f35faf9c5a6ba425b4684fb8f50fb9525feb51ecee3e9d30ce2f21ebb3d5225b4a196ea1c08ac130f4160d94a79cd85d26b42ab932d1af1a44e23a28183d10fbe870a9ce237edf4bc2b1e0c4eb1a3c5f5dfbe","xm":"赵洋","xnm":"2022","xnmmc":"2022-2023","xqm":"12","xqmmc":"2","year":"2024","zsxymc":"信息科学与工程学院","zyh_id":"0305","zymc":"计算机科学与技术"},{"bfzcj":"49","bh":"22030505","bh_id":"E06E65BE0AA38F52E0530100050A6823","bj":"22030505","cj":"49","cjsfzf":"否","date":"二○二四年二月二十九日","dateDigit":"2024年2月29日","dateDigitSeparator":"2024-2-29","day":"29","jd":"0.00","jg_id":"03","jgmc":"信息科学与工程学院","jgpxzd":"1","jsxm":"无","jxb_id":"F75019F3F5DA44D8E0530100050A0316","jxbmc":"大学外语1210700016(2022-2023-1)-210700016-38","kcbj":"主修","kch":"210700016","kch_id":"210700016","kclbmc":"必修课","kcmc":"大学外语1","kcxzdm":"21","kcxzmc":"通识教育理论必修","key":"F75019F3F5DA44D8E0530100050A0316-2203050528","kkbmmc":"外国语学院","ksxz":"补考","ksxzdm":"11","listnav":"false","localeKey":"zh_CN","month":"2","njdm_id":"2022","njmc":"2022","pageTotal":0,"pageable":true,"queryModel":{"currentPage":1,"currentResult":0,"entityOrField":false,"limit":15,"offset":0,"pageNo":0,"pageSize":15,"showCount":10,"sorts":[],"totalCount":0,"totalPage":0,"totalResult":0},"rangeable":true,"row_id":"21","sfdkbcx":"否","sfxwkc":"否","sfzh":"210603200404246515","tjrxm":"陈颖","tjsj":"2023-04-1320:55:14","totalResult":"48","userModel":{"monitor":false,"roleCount":0,"roleKeys":"","roleValues":"","status":0,"usable":false},"xb":"男","xbm":"1","xf":"3.0","xfjd":"0.00","xh":"2203050528","xh_id":"71ef003d0c4c9581b54503363a421643cde411ed9c88e48d813e331c176cc755ca8258acad71656428fc16f5ee5b1a1b2b48e3141c577f601b550f09c1b782dc4cb496a3e7a5410c339333f5c840fcf1a99b720a77bdb3b125ba4160da942b458b88c34f61d58d1d6a11d3429add568c7c87e4d28a8cc4ca43c29f35095c1594","xm":"赵洋","xnm":"2022","xnmmc":"2022-2023","xqm":"12","xqmmc":"2","year":"2024","zsxymc":"信息科学与工程学院","zyh_id":"0305","zymc":"计算机科学与技术"},{"bfzcj":"63.3","bh":"22030505","bh_id":"E06E65BE0AA38F52E0530100050A6823","bj":"22030505","cj":"63.3","cjsfzf":"否","date":"二○二四年二月二十九日","dateDigit":"2024年2月29日","dateDigitSeparator":"2024-2-29","day":"29","jd":"1.33","jg_id":"03","jgmc":"信息科学与工程学院","jgpxzd":"1","jsxm":"陈颖","jxb_id":"EDA2D0B1B036CA24E0530100050AC94F","jxbmc":"(2022-2023-2)-210700018-30","kcbj":"主修","kch":"210700018","kch_id":"210700018","kclbmc":"必修课","kcmc":"大学外语2","kcxzdm":"21","kcxzmc":"通识教育理论必修","key":"EDA2D0B1B036CA24E0530100050AC94F-2203050528","khfsmc":"考试","kkbmmc":"外国语学院","kklxdm":"主修课程","ksxz":"正常考试","ksxzdm":"01","listnav":"false","localeKey":"zh_CN","month":"2","njdm_id":"2022","njmc":"2022","pageTotal":0,"pageable":true,"queryModel":{"currentPage":1,"currentResult":0,"entityOrField":false,"limit":15,"offset":0,"pageNo":0,"pageSize":15,"showCount":10,"sorts":[],"totalCount":0,"totalPage":0,"totalResult":0},"rangeable":true,"row_id":"22","rwzxs":"48","sfdkbcx":"否","sfxwkc":"否","sfzh":"210603200404246515","tjrxm":"陈颖","tjsj":"2023-07-1313:18:49","totalResult":"48","userModel":{"monitor":false,"roleCount":0,"roleKeys":"","roleValues":"","status":0,"usable":false},"xb":"男","xbm":"1","xf":"3.0","xfjd":"3.99","xh":"2203050528","xh_id":"708d353a0cf2f5b2567d88ae738330ab27c33e46949f32a9b5c13053380775425dd31f53e229bd3381e7fd2496e90fc629747319016004d33a0795dabd4bad0fa47b16be5efec6b42cafae6037a8ca75b9fe4523bd0e0c70e99a36b211852494885139b3fc8a415c11b28ffe549b345e422065371050277719ec9636e2d9430b","xm":"赵洋","xnm":"2022","xnmmc":"2022-2023","xqm":"12","xqmmc":"2","year":"2024","zsxymc":"信息科学与工程学院","zyh_id":"0305","zymc":"计算机科学与技术"},{"bfzcj":"77","bh":"22030505","bh_id":"E06E65BE0AA38F52E0530100050A6823","bj":"22030505","cj":"77","cjsfzf":"否","date":"二○二四年二月二十九日","dateDigit":"2024年2月29日","dateDigitSeparator":"2024-2-29","day":"29","jd":"2.70","jg_id":"03","jgmc":"信息科学与工程学院","jgpxzd":"1","jsxm":"唐颖","jxb_id":"EDA14AC7F763A2BDE0530100050A4911","jxbmc":"(2022-2023-2)-210900025-09","kcbj":"主修","kch":"210900025","kch_id":"210900025","kclbmc":"必修课","kcmc":"高等数学A2","kcxzdm":"21","kcxzmc":"通识教育理论必修","key":"EDA14AC7F763A2BDE0530100050A4911-2203050528","khfsmc":"考试","kkbmmc":"理学院","kklxdm":"主修课程","ksxz":"正常考试","ksxzdm":"01","listnav":"false","localeKey":"zh_CN","month":"2","njdm_id":"2022","njmc":"2022","pageTotal":0,"pageable":true,"queryModel":{"currentPage":1,"currentResult":0,"entityOrField":false,"limit":15,"offset":0,"pageNo":0,"pageSize":15,"showCount":10,"sorts":[],"totalCount":0,"totalPage":0,"totalResult":0},"rangeable":true,"row_id":"23","rwzxs":"80","sfdkbcx":"否","sfxwkc":"否","sfzh":"210603200404246515","tjrxm":"唐颖","tjsj":"2023-09-2514:11:17","totalResult":"48","userModel":{"monitor":false,"roleCount":0,"roleKeys":"","roleValues":"","status":0,"usable":false},"xb":"男","xbm":"1","xf":"5.0","xfjd":"13.50","xh":"2203050528","xh_id":"3d71ca83c3b1a97901b17b8c7c312009e7dffd15231c79b7d3c7509131dd57c7f56ccea08e29bce4fd4e8677e57b149a770e5a0ef191c1617a6443fb72bb6135fd25fdffda8398d7ebfe3ae80f8e8e00f4d7088b0e6a8e73558750d0443cba6fd21e487ca0e36cdc7045532b0b1759a035fa8a0498d8789d2aa74b67b69de619","xm":"赵洋","xnm":"2022","xnmmc":"2022-2023","xqm":"12","xqmmc":"2","year":"2024","zsxymc":"信息科学与工程学院","zyh_id":"0305","zymc":"计算机科学与技术"},{"bfzcj":"80.4","bh":"22030505","bh_id":"E06E65BE0AA38F52E0530100050A6823","bj":"22030505","cj":"80.4","cjsfzf":"否","date":"二○二四年二月二十九日","dateDigit":"2024年2月29日","dateDigitSeparator":"2024-2-29","day":"29","jd":"3.04","jg_id":"03","jgmc":"信息科学与工程学院","jgpxzd":"1","jsxm":"迟宝倩","jxb_id":"EE0BA45BF36ED7E0E0530200050ADE2D","jxbmc":"(2022-2023-2)-210900027-04","kcbj":"主修","kch":"210900027","kch_id":"210900027","kclbmc":"必修课","kcmc":"大学物理A1","kcxzdm":"21","kcxzmc":"通识教育理论必修","key":"EE0BA45BF36ED7E0E0530200050ADE2D-2203050528","khfsmc":"考试","kkbmmc":"理学院","kklxdm":"主修课程","ksxz":"正常考试","ksxzdm":"01","listnav":"false","localeKey":"zh_CN","month":"2","njdm_id":"2022","njmc":"2022","pageTotal":0,"pageable":true,"queryModel":{"currentPage":1,"currentResult":0,"entityOrField":false,"limit":15,"offset":0,"pageNo":0,"pageSize":15,"showCount":10,"sorts":[],"totalCount":0,"totalPage":0,"totalResult":0},"rangeable":true,"row_id":"24","rwzxs":"64","sfdkbcx":"否","sfxwkc":"否","sfzh":"210603200404246515","tjrxm":"迟宝倩","tjsj":"2023-07-1314:10:52","totalResult":"48","userModel":{"monitor":false,"roleCount":0,"roleKeys":"","roleValues":"","status":0,"usable":false},"xb":"男","xbm":"1","xf":"4.0","xfjd":"12.16","xh":"2203050528","xh_id":"3ee3ce8f96b07e1cf03d432b1ffb8e68a2584daecf34df014f540aebeb55328ebd7ff1ada3390b5d7f5c97810425f451c475d730c2277d907668be913e3255430a2e622f8fac297d9e68f1523ce5640df1d25d70d0a78d266735a2e794201feea14626eb85d9e4c22a80309f655a7500c0841c762d1d266c8cd7c21929d3986a","xm":"赵洋","xnm":"2022","xnmmc":"2022-2023","xqm":"12","xqmmc":"2","year":"2024","zsxymc":"信息科学与工程学院","zyh_id":"0305","zymc":"计算机科学与技术"},{"bfzcj":"75.8","bh":"22030505","bh_id":"E06E65BE0AA38F52E0530100050A6823","bj":"22030505","cj":"75.8","cjsfzf":"否","date":"二○二四年二月二十九日","dateDigit":"2024年2月29日","dateDigitSeparator":"2024-2-29","day":"29","jd":"2.58","jg_id":"03","jgmc":"信息科学与工程学院","jgpxzd":"1","jsxm":"李霞","jxb_id":"EE323EDC315B7AD9E0530200050AE6A3","jxbmc":"(2022-2023-2)-210900033-02","kcbj":"主修","kch":"210900033","kch_id":"210900033","kclbmc":"必修课","kcmc":"线性代数A","kcxzdm":"21","kcxzmc":"通识教育理论必修","key":"EE323EDC315B7AD9E0530200050AE6A3-2203050528","khfsmc":"考试","kkbmmc":"理学院","kklxdm":"主修课程","ksxz":"正常考试","ksxzdm":"01","listnav":"false","localeKey":"zh_CN","month":"2","njdm_id":"2022","njmc":"2022","pageTotal":0,"pageable":true,"queryModel":{"currentPage":1,"currentResult":0,"entityOrField":false,"limit":15,"offset":0,"pageNo":0,"pageSize":15,"showCount":10,"sorts":[],"totalCount":0,"totalPage":0,"totalResult":0},"rangeable":true,"row_id":"25","rwzxs":"40","sfdkbcx":"否","sfxwkc":"是","sfzh":"210603200404246515","tjrxm":"李霞","tjsj":"2023-07-1107:26:24","totalResult":"48","userModel":{"monitor":false,"roleCount":0,"roleKeys":"","roleValues":"","status":0,"usable":false},"xb":"男","xbm":"1","xf":"2.5","xfjd":"6.45","xh":"2203050528","xh_id":"7354724a666424eabf5bb14e9be917c13c1ddeea4cf6e916b11d2f94c6a4d0de40061ab81aefcbe1de3ce7543562a6f938a041c58d1336607bbfb62f04887cea69e825f9db9bfe6de8d466ebd7628496eb6a14c0b42ab0232706a89bad85e3f7e297ac5fd91666fadc518dc0b028ef631d7e1fe29f4a8041fcde749581ce0144","xm":"赵洋","xnm":"2022","xnmmc":"2022-2023","xqm":"12","xqmmc":"2","year":"2024","zsxymc":"信息科学与工程学院","zyh_id":"0305","zymc":"计算机科学与技术"},{"bfzcj":"71.7","bh":"22030505","bh_id":"E06E65BE0AA38F52E0530100050A6823","bj":"22030505","cj":"71.7","cjsfzf":"否","date":"二○二四年二月二十九日","dateDigit":"2024年2月29日","dateDigitSeparator":"2024-2-29","day":"29","jd":"2.17","jg_id":"03","jgmc":"信息科学与工程学院","jgpxzd":"1","jsxm":"吴晓虹","jxb_id":"EDF4D7295C8D76DAE0530100050A0608","jxbmc":"(2022-2023-2)-211700010-羽毛球2-5","kcbj":"主修","kch":"211700010","kch_id":"211700010","kclbmc":"必修课","kcmc":"体育2","kcxzdm":"23","kcxzmc":"通识教育实践必修","key":"EDF4D7295C8D76DAE0530100050A0608-2203050528","khfsmc":"考查","kkbmmc":"体育部","kklxdm":"体育分项","ksxz":"正常考试","ksxzdm":"01","listnav":"false","localeKey":"zh_CN","month":"2","njdm_id":"2022","njmc":"2022","pageTotal":0,"pageable":true,"queryModel":{"currentPage":1,"currentResult":0,"entityOrField":false,"limit":15,"offset":0,"pageNo":0,"pageSize":15,"showCount":10,"sorts":[],"totalCount":0,"totalPage":0,"totalResult":0},"rangeable":true,"row_id":"26","rwzxs":"32","sfdkbcx":"否","sfxwkc":"否","sfzh":"210603200404246515","tjrxm":"吴晓虹","tjsj":"2023-07-0510:00:14","totalResult":"48","userModel":{"monitor":false,"roleCount":0,"roleKeys":"","roleValues":"","status":0,"usable":false},"xb":"男","xbm":"1","xf":"1.0","xfjd":"2.17","xh":"2203050528","xh_id":"642d7446df585d4e94e140464cbcd9f16a4b052eac7958a7cded024b3f787f9dd2fd2cd0040c9003f36baf6e9f5eff62a0b60bc4e3046eecfa2b06b17683a0db644c732312372fa80081c777a08e8bb27e9cc1ef2df9d2479b4351a789e87dcef50507488499331b121719f206d8146039efb6981280d2900def1255dbee0817","xm":"赵洋","xnm":"2022","xnmmc":"2022-2023","xqm":"12","xqmmc":"2","year":"2024","zsxymc":"信息科学与工程学院","zyh_id":"0305","zymc":"计算机科学与技术"},{"bfzcj":"75","bh":"22030505","bh_id":"E06E65BE0AA38F52E0530100050A6823","bj":"22030505","cj":"中等","cjsfzf":"否","date":"二○二四年二月二十九日","dateDigit":"2024年2月29日","dateDigitSeparator":"2024-2-29","day":"29","jd":"2.50","jg_id":"03","jgmc":"信息科学与工程学院","jgpxzd":"1","jsxm":"朱秀芬;姜义军","jxb_id":"EDF46786CEF9E62DE0530100050A47F9","jxbmc":"(2022-2023-2)-219800004-07","kcbj":"主修","kch":"219800004","kch_id":"219800004","kclbmc":"必修课","kcmc":"中国近现代史纲要","kcxzdm":"21","kcxzmc":"通识教育理论必修","key":"EDF46786CEF9E62DE0530100050A47F9-2203050528","khfsmc":"考查","kkbmmc":"马克思主义学院","kklxdm":"主修课程","ksxz":"正常考试","ksxzdm":"01","listnav":"false","localeKey":"zh_CN","month":"2","njdm_id":"2022","njmc":"2022","pageTotal":0,"pageable":true,"queryModel":{"currentPage":1,"currentResult":0,"entityOrField":false,"limit":15,"offset":0,"pageNo":0,"pageSize":15,"showCount":10,"sorts":[],"totalCount":0,"totalPage":0,"totalResult":0},"rangeable":true,"row_id":"27","rwzxs":"48","sfdkbcx":"否","sfxwkc":"否","sfzh":"210603200404246515","tjrxm":"朱秀芬","tjsj":"2023-07-0107:06:05","totalResult":"48","userModel":{"monitor":false,"roleCount":0,"roleKeys":"","roleValues":"","status":0,"usable":false},"xb":"男","xbm":"1","xf":"3.0","xfjd":"7.50","xh":"2203050528","xh_id":"37ad01ffea504184547b97294ff89af9259466fe0243d818832112f652dc1f4b76a5ceb7216616faae5ca0381c23bc55409b054a551ad8ecbb44633ee2848aa8518ddd3f11549922fc5a0d20fe0a1a1363b1e53dcf3bb822373008c7d4d13df8623023a2ff2f5cfd5e808d3374090d480c96c43d1a251730fabee95d30c21b81","xm":"赵洋","xnm":"2022","xnmmc":"2022-2023","xqm":"12","xqmmc":"2","year":"2024","zsxymc":"信息科学与工程学院","zyh_id":"0305","zymc":"计算机科学与技术"},{"bfzcj":"85","bh":"22030505","bh_id":"E06E65BE0AA38F52E0530100050A6823","bj":"22030505","cj":"良好","cjsfzf":"否","date":"二○二四年二月二十九日","dateDigit":"2024年2月29日","dateDigitSeparator":"2024-2-29","day":"29","jd":"3.50","jg_id":"03","jgmc":"信息科学与工程学院","jgpxzd":"1","jsxm":"苗青;舒启林","jxb_id":"EF112BA8ADC45CDBE0530200050ADA52","jxbmc":"(2022-2023-2)-219800006-18","kcbj":"主修","kch":"219800006","kch_id":"219800006","kclbmc":"必修课","kcmc":"形势与政策2","kcxzdm":"21","kcxzmc":"通识教育理论必修","key":"EF112BA8ADC45CDBE0530200050ADA52-2203050528","khfsmc":"考查","kkbmmc":"马克思主义学院","kklxdm":"主修课程","ksxz":"正常考试","ksxzdm":"01","listnav":"false","localeKey":"zh_CN","month":"2","njdm_id":"2022","njmc":"2022","pageTotal":0,"pageable":true,"queryModel":{"currentPage":1,"currentResult":0,"entityOrField":false,"limit":15,"offset":0,"pageNo":0,"pageSize":15,"showCount":10,"sorts":[],"totalCount":0,"totalPage":0,"totalResult":0},"rangeable":true,"row_id":"28","rwzxs":"8","sfdkbcx":"否","sfxwkc":"否","sfzh":"210603200404246515","tjrxm":"苗青","tjsj":"2023-04-1519:00:59","totalResult":"48","userModel":{"monitor":false,"roleCount":0,"roleKeys":"","roleValues":"","status":0,"usable":false},"xb":"男","xbm":"1","xf":"0.5","xfjd":"1.75","xh":"2203050528","xh_id":"00c71498baa0890c1ff4458cbd9d15040161125e587ff9073ee68ddb7f82339b14702ff718f5b9607c4ee246ef491698eab3518ff07c170e019783ea5f1d2c17a8c9dcf0a3ffa2ebd1aed13321b0bb5c935310dda2cf557e19209211f55d8fc9c4c5f9e3b10ab268c651953bedc727ae9583a8e476368f723aaa6e69544c69a9","xm":"赵洋","xnm":"2022","xnmmc":"2022-2023","xqm":"12","xqmmc":"2","year":"2024","zsxymc":"信息科学与工程学院","zyh_id":"0305","zymc":"计算机科学与技术"},{"bfzcj":"85","bh":"22030505","bh_id":"E06E65BE0AA38F52E0530100050A6823","bj":"22030505","cj":"良好","cjsfzf":"否","date":"二○二四年二月二十九日","dateDigit":"2024年2月29日","dateDigitSeparator":"2024-2-29","day":"29","jd":"3.50","jg_id":"03","jgmc":"信息科学与工程学院","jgpxzd":"1","jsxm":"王薛兵","jxb_id":"EE0A290D71E359B4E0530100050A0EBB","jxbmc":"(2022-2023-2)-219800014-07","kcbj":"主修","kch":"219800014","kch_id":"219800014","kclbmc":"必修课","kcmc":"军事理论","kcxzdm":"21","kcxzmc":"通识教育理论必修","key":"EE0A290D71E359B4E0530100050A0EBB-2203050528","khfsmc":"考查","kkbmmc":"马克思主义学院","kklxdm":"主修课程","ksxz":"正常考试","ksxzdm":"01","listnav":"false","localeKey":"zh_CN","month":"2","njdm_id":"2022","njmc":"2022","pageTotal":0,"pageable":true,"queryModel":{"currentPage":1,"currentResult":0,"entityOrField":false,"limit":15,"offset":0,"pageNo":0,"pageSize":15,"showCount":10,"sorts":[],"totalCount":0,"totalPage":0,"totalResult":0},"rangeable":true,"row_id":"29","rwzxs":"24","sfdkbcx":"否","sfxwkc":"否","sfzh":"210603200404246515","tjrxm":"王薛兵","tjsj":"2023-06-0513:15:24","totalResult":"48","userModel":{"monitor":false,"roleCount":0,"roleKeys":"","roleValues":"","status":0,"usable":false},"xb":"男","xbm":"1","xf":"2.0","xfjd":"7.00","xh":"2203050528","
[...]
5BE0AA38F52E0530100050A6823","bj":"22030505","cj":"67","cjsfzf":"否","date":"二○二四年二月二十九日","dateDigit":"2024年2月29日","dateDigitSeparator":"2024-2-29","day":"29","jd":"1.70","jg_id":"03","jgmc":"信息科学与工程学院","jgpxzd":"1","jsxm":"林芳;徐晓莹","jxb_id":"05616A7A7E713F57E0630200050A1003","jxbmc":"(2023-2024-1)-210700016-55","kcbj":"主修","kch":"210700016","kch_id":"210700016","kclbmc":"必修课","kcmc":"大学外语1","kcxzdm":"21","kcxzmc":"通识教育理论必修","key":"05616A7A7E713F57E0630200050A1003-2203050528","khfsmc":"考试","kkbmmc":"外国语学院","kklxdm":"重修课程","ksxz":"重修","ksxzdm":"16","listnav":"false","localeKey":"zh_CN","month":"2","njdm_id":"2022","njmc":"2022","pageTotal":0,"pageable":true,"queryModel":{"currentPage":1,"currentResult":0,"entityOrField":false,"limit":15,"offset":0,"pageNo":0,"pageSize":15,"showCount":10,"sorts":[],"totalCount":0,"totalPage":0,"totalResult":0},"rangeable":true,"row_id":"39","rwzxs":"40","sfdkbcx":"否","sfxwkc":"否","sfzh":"210603200404246515","tjrxm":"林芳","tjsj":"2023-12-0513:52:28","totalResult":"48","userModel":{"monitor":false,"roleCount":0,"roleKeys":"","roleValues":"","status":0,"usable":false},"xb":"男","xbm":"1","xf":"3.0","xfjd":"5.10","xh":"2203050528","xh_id":"2071b412b0afb9cb2c4d352e2d5cdf1bcb0c2a6e36c1c7c3c950d9d0f4362dab5fdc4c6d3abc4fd3d6c8163c15e714935f4f822b85d2d007b5f890151527828238030894e4ec4a092d42d990ff57b3bae33cecfaacbb048be115bcdb309b1f3076ce9864ae093b71d1be34a7a6aaf0b98e8a8387aa506e39cada7c0673dd0f77","xm":"赵洋","xnm":"2023","xnmmc":"2023-2024","xqm":"3","xqmmc":"1","year":"2024","zsxymc":"信息科学与工程学院","zyh_id":"0305","zymc":"计算机科学与技术"},{"bfzcj":"78.8","bh":"22030505","bh_id":"E06E65BE0AA38F52E0530100050A6823","bj":"22030505","cj":"78.8","cjsfzf":"否","date":"二○二四年二月二十九日","dateDigit":"2024年2月29日","dateDigitSeparator":"2024-2-29","day":"29","jd":"2.88","jg_id":"03","jgmc":"信息科学与工程学院","jgpxzd":"1","jsxm":"陈颖","jxb_id":"FEEB023E70A8BC07E0530100050A4E50","jxbmc":"(2023-2024-1)-210700020-16","kcbj":"主修","kch":"210700020","kch_id":"210700020","kclbmc":"必修课","kcmc":"大学外语3","kcxzdm":"21","kcxzmc":"通识教育理论必修","key":"FEEB023E70A8BC07E0530100050A4E50-2203050528","khfsmc":"考试","kkbmmc":"外国语学院","kklxdm":"主修课程","ksxz":"正常考试","ksxzdm":"01","listnav":"false","localeKey":"zh_CN","month":"2","njdm_id":"2022","njmc":"2022","pageTotal":0,"pageable":true,"queryModel":{"currentPage":1,"currentResult":0,"entityOrField":false,"limit":15,"offset":0,"pageNo":0,"pageSize":15,"showCount":10,"sorts":[],"totalCount":0,"totalPage":0,"totalResult":0},"rangeable":true,"row_id":"40","rwzxs":"64","sfdkbcx":"否","sfxwkc":"否","sfzh":"210603200404246515","tjrxm":"陈颖","tjsj":"2024-01-1418:23:43","totalResult":"48","userModel":{"monitor":false,"roleCount":0,"roleKeys":"","roleValues":"","status":0,"usable":false},"xb":"男","xbm":"1","xf":"4.0","xfjd":"11.52","xh":"2203050528","xh_id":"4b156ed99a8c63671891bdbf4728126d502acdd372e174d2e8fde8bbce29a33b6fd7ca3c0cce10084c31e637d98eaffc6f0fabfba374d60f97fb6040d304409b9e22875282ee73fb3b1db624e5ccf581cea09578f1a0b056805f82a573f274d8e2896b0a90a4bb25a29cf30832a9117dd89ec7bea905cff8bdc49786fee3c1ab","xm":"赵洋","xnm":"2023","xnmmc":"2023-2024","xqm":"3","xqmmc":"1","year":"2024","zsxymc":"信息科学与工程学院","zyh_id":"0305","zymc":"计算机科学与技术"},{"bfzcj":"59.4","bh":"22030505","bh_id":"E06E65BE0AA38F52E0530100050A6823","bj":"22030505","cj":"59.4","cjsfzf":"否","date":"二○二四年二月二十九日","dateDigit":"2024年2月29日","dateDigitSeparator":"2024-2-29","day":"29","jd":"0.00","jg_id":"03","jgmc":"信息科学与工程学院","jgpxzd":"1","jsxm":"姜宇","jxb_id":"FF03F2969168A370E0530100050AF9FA","jxbmc":"(2023-2024-1)-210900029-10","kcbj":"主修","kch":"210900029","kch_id":"210900029","kclbmc":"必修课","kcmc":"大学物理A2","kcxzdm":"21","kcxzmc":"通识教育理论必修","key":"FF03F2969168A370E0530100050AF9FA-2203050528","khfsmc":"考试","kkbmmc":"理学院","kklxdm":"主修课程","ksxz":"正常考试","ksxzdm":"01","listnav":"false","localeKey":"zh_CN","month":"2","njdm_id":"2022","njmc":"2022","pageTotal":0,"pageable":true,"queryModel":{"currentPage":1,"currentResult":0,"entityOrField":false,"limit":15,"offset":0,"pageNo":0,"pageSize":15,"showCount":10,"sorts":[],"totalCount":0,"totalPage":0,"totalResult":0},"rangeable":true,"row_id":"41","rwzxs":"32","sfdkbcx":"否","sfxwkc":"否","sfzh":"210603200404246515","tjrxm":"姜宇","tjsj":"2024-01-1815:30:09","totalResult":"48","userModel":{"monitor":false,"roleCount":0,"roleKeys":"","roleValues":"","status":0,"usable":false},"xb":"男","xbm":"1","xf":"2.0","xfjd":"0.00","xh":"2203050528","xh_id":"88806ecf0e2f98cf6504aee8d5e1ef8d352a0dccbce39fac2d2136ca8b4b1235d17d1fb72a29abcdbb4a79050a7edd612e548670493215c5a22c005fd0af186f7e8c1e1ae5b26f60ea02341f6dd058bb6e6d5e4b83802f71d05dc91a3af756f0fafd67231a84ea12a6e1e930f804d7a3c462e34e9a856b71cf7997e07866989d","xm":"赵洋","xnm":"2023","xnmmc":"2023-2024","xqm":"3","xqmmc":"1","year":"2024","zsxymc":"信息科学与工程学院","zyh_id":"0305","zymc":"计算机科学与技术"},{"bfzcj":"85","bh":"22030505","bh_id":"E06E65BE0AA38F52E0530100050A6823","bj":"22030505","cj":"良好","cjsfzf":"否","date":"二○二四年二月二十九日","dateDigit":"2024年2月29日","dateDigitSeparator":"2024-2-29","day":"29","jd":"3.50","jg_id":"03","jgmc":"信息科学与工程学院","jgpxzd":"1","jsxm":"李凤歧","jxb_id":"FEEE236F25874347E0530200050AB254","jxbmc":"(2023-2024-1)-210900031-19","kcbj":"主修","kch":"210900031","kch_id":"210900031","kclbmc":"必修课","kcmc":"物理实验A","kcxzdm":"23","kcxzmc":"通识教育实践必修","key":"FEEE236F25874347E0530200050AB254-2203050528","khfsmc":"考查","kkbmmc":"理学院","kklxdm":"主修课程","ksxz":"正常考试","ksxzdm":"01","listnav":"false","localeKey":"zh_CN","month":"2","njdm_id":"2022","njmc":"2022","pageTotal":0,"pageable":true,"queryModel":{"currentPage":1,"currentResult":0,"entityOrField":false,"limit":15,"offset":0,"pageNo":0,"pageSize":15,"showCount":10,"sorts":[],"totalCount":0,"totalPage":0,"totalResult":0},"rangeable":true,"row_id":"42","rwzxs":"36","sfdkbcx":"否","sfxwkc":"否","sfzh":"210603200404246515","tjrxm":"李凤歧","tjsj":"2024-01-0817:47:01","totalResult":"48","userModel":{"monitor":false,"roleCount":0,"roleKeys":"","roleValues":"","status":0,"usable":false},"xb":"男","xbm":"1","xf":"1.0","xfjd":"3.50","xh":"2203050528","xh_id":"82ad2cbd8ab8328e49dc6c7f7031a9493985e189052d0d37833693a195b0b1d4173757bd31dc4c2a2ef1dea866838455ee91f828491e0cfee4b27149a8079930bbb2cc21b7acd33d09a5d8ae2128c37932132adef307092b8292fa9df2d9081bdbf96974662c0a86163fdc617a9b103b6627c4277247c6e5f56568ea63d65dbd","xm":"赵洋","xnm":"2023","xnmmc":"2023-2024","xqm":"3","xqmmc":"1","year":"2024","zsxymc":"信息科学与工程学院","zyh_id":"0305","zymc":"计算机科学与技术"},{"bfzcj":"72.6","bh":"22030505","bh_id":"E06E65BE0AA38F52E0530100050A6823","bj":"22030505","cj":"72.6","cjsfzf":"否","date":"二○二四年二月二十九日","dateDigit":"2024年2月29日","dateDigitSeparator":"2024-2-29","day":"29","jd":"2.26","jg_id":"03","jgmc":"信息科学与工程学院","jgpxzd":"1","jsxm":"张伟科","jxb_id":"FF02E18DC4F34798E0530100050AB253","jxbmc":"(2023-2024-1)-210900035-09","kcbj":"主修","kch":"210900035","kch_id":"210900035","kclbmc":"必修课","kcmc":"概率论与数理统计A","kcxzdm":"21","kcxzmc":"通识教育理论必修","key":"FF02E18DC4F34798E0530100050AB253-2203050528","khfsmc":"考试","kkbmmc":"理学院","kklxdm":"主修课程","ksxz":"正常考试","ksxzdm":"01","listnav":"false","localeKey":"zh_CN","month":"2","njdm_id":"2022","njmc":"2022","pageTotal":0,"pageable":true,"queryModel":{"currentPage":1,"currentResult":0,"entityOrField":false,"limit":15,"offset":0,"pageNo":0,"pageSize":15,"showCount":10,"sorts":[],"totalCount":0,"totalPage":0,"totalResult":0},"rangeable":true,"row_id":"43","rwzxs":"40","sfdkbcx":"否","sfxwkc":"否","sfzh":"210603200404246515","tjrxm":"张伟科","tjsj":"2024-01-2221:35:49","totalResult":"48","userModel":{"monitor":false,"roleCount":0,"roleKeys":"","roleValues":"","status":0,"usable":false},"xb":"男","xbm":"1","xf":"2.5","xfjd":"5.65","xh":"2203050528","xh_id":"44dadf21f0307eb62e3a486ab4fb386c6999f2e48eb35884b25e09bf707467f02cba431a7c88be2929d59573d17e466e8bfcb993d58eb6306098168e2a8aaf6567fb76ca007786c0afb65b56e226b1ebbc440dcf58474372f665d4dabc9c5f203248e97eab082f945bba6e90ce143417357056dffafb0fe3cb6293f83dbad7c9","xm":"赵洋","xnm":"2023","xnmmc":"2023-2024","xqm":"3","xqmmc":"1","year":"2024","zsxymc":"信息科学与工程学院","zyh_id":"0305","zymc":"计算机科学与技术"},{"bfzcj":"81","bh":"22030505","bh_id":"E06E65BE0AA38F52E0530100050A6823","bj":"22030505","cj":"81","cjsfzf":"否","date":"二○二四年二月二十九日","dateDigit":"2024年2月29日","dateDigitSeparator":"2024-2-29","day":"29","jd":"3.10","jg_id":"03","jgmc":"信息科学与工程学院","jgpxzd":"1","jsxm":"李新战","jxb_id":"FF04067BC8AFBA95E0530100050A2B09","jxbmc":"(2023-2024-1)-210900037-04","kcbj":"主修","kch":"210900037","kch_id":"210900037","kclbmc":"必修课","kcmc":"复变函数与积分变换","kcxzdm":"21","kcxzmc":"通识教育理论必修","key":"FF04067BC8AFBA95E0530100050A2B09-2203050528","khfsmc":"考试","kkbmmc":"理学院","kklxdm":"主修课程","ksxz":"正常考试","ksxzdm":"01","listnav":"false","localeKey":"zh_CN","month":"2","njdm_id":"2022","njmc":"2022","pageTotal":0,"pageable":true,"queryModel":{"currentPage":1,"currentResult":0,"entityOrField":false,"limit":15,"offset":0,"pageNo":0,"pageSize":15,"showCount":10,"sorts":[],"totalCount":0,"totalPage":0,"totalResult":0},"rangeable":true,"row_id":"44","rwzxs":"32","sfdkbcx":"否","sfxwkc":"否","sfzh":"210603200404246515","tjrxm":"李新战","tjsj":"2024-01-1322:33:02","totalResult":"48","userModel":{"monitor":false,"roleCount":0,"roleKeys":"","roleValues":"","status":0,"usable":false},"xb":"男","xbm":"1","xf":"2.0","xfjd":"6.20","xh":"2203050528","xh_id":"863db2a1fd264a9fc2331c6723c3eea01cac21e89c4a33fef8c0b3fcf0a21e24b0966d733224be69f0dd7e7c30bd5ec885b73bb5755b7fe0a7cc7d1e8eac3e72ddf018b87d9c1749ea754ceb889fa5828b1d7952129a95c99c2c6e2a0578091b7fa8ad0d20e5dccd0d3480b781c31fd61d7f4dc918791e633d1c76820324be1e","xm":"赵洋","xnm":"2023","xnmmc":"2023-2024","xqm":"3","xqmmc":"1","year":"2024","zsxymc":"信息科学与工程学院","zyh_id":"0305","zymc":"计算机科学与技术"},{"bfzcj":"60.3","bh":"22030505","bh_id":"E06E65BE0AA38F52E0530100050A6823","bj":"22030505","cj":"60.3","cjsfzf":"否","date":"二○二四年二月二十九日","dateDigit":"2024年2月29日","dateDigitSeparator":"2024-2-29","day":"29","jd":"1.03","jg_id":"03","jgmc":"信息科学与工程学院","jgpxzd":"1","jsxm":"刘明杰","jxb_id":"FF198C685C092B1EE0530100050A4CAE","jxbmc":"(2023-2024-1)-211700011-台球3-1","kcbj":"主修","kch":"211700011","kch_id":"211700011","kclbmc":"必修课","kcmc":"体育3","kcxzdm":"23","kcxzmc":"通识教育实践必修","key":"FF198C685C092B1EE0530100050A4CAE-2203050528","khfsmc":"考查","kkbmmc":"体育部","kklxdm":"体育分项","ksxz":"正常考试","ksxzdm":"01","listnav":"false","localeKey":"zh_CN","month":"2","njdm_id":"2022","njmc":"2022","pageTotal":0,"pageable":true,"queryModel":{"currentPage":1,"currentResult":0,"entityOrField":false,"limit":15,"offset":0,"pageNo":0,"pageSize":15,"showCount":10,"sorts":[],"totalCount":0,"totalPage":0,"totalResult":0},"rangeable":true,"row_id":"45","rwzxs":"34","sfdkbcx":"否","sfxwkc":"否","sfzh":"210603200404246515","tjrxm":"刘明杰","tjsj":"2024-01-0109:14:01","totalResult":"48","userModel":{"monitor":false,"roleCount":0,"roleKeys":"","roleValues":"","status":0,"usable":false},"xb":"男","xbm":"1","xf":"1.0","xfjd":"1.03","xh":"2203050528","xh_id":"52726fd350448b1c6cfbae5b89032bec11b96332e4d72f4f28d41d340dd0edaf3093c4c1731bed6bfdbce17d853bf1dc6ae2c1024acee4d1e692288a5fa787037d583b42ec371c2eebf6f4b54b2bc6398500baf9053919d148b34479282f53ac51acdba7b496d0585acba3110d01d3080e3adbecf389cfd7d6d5274774494930","xm":"赵洋","xnm":"2023","xnmmc":"2023-2024","xqm":"3","xqmmc":"1","year":"2024","zsxymc":"信息科学与工程学院","zyh_id":"0305","zymc":"计算机科学与技术"},{"bfzcj":"71.3","bh":"22030505","bh_id":"E06E65BE0AA38F52E0530100050A6823","bj":"22030505","cj":"71.3","cjsfzf":"否","date":"二○二四年二月二十九日","dateDigit":"2024年2月29日","dateDigitSeparator":"2024-2-29","day":"29","jd":"2.13","jg_id":"03","jgmc":"信息科学与工程学院","jgpxzd":"1","jsxm":"张艳梅","jxb_id":"FEFE62F165C9811EE0530200050A3A18","jxbmc":"(2023-2024-1)-219800001-07","kcbj":"主修","kch":"219800001","kch_id":"219800001","kclbmc":"必修课","kcmc":"马克思主义基本原理","kcxzdm":"21","kcxzmc":"通识教育理论必修","key":"FEFE62F165C9811EE0530200050A3A18-2203050528","khfsmc":"考试","kkbmmc":"马克思主义学院","kklxdm":"主修课程","ksxz":"正常考试","ksxzdm":"01","listnav":"false","localeKey":"zh_CN","month":"2","njdm_id":"2022","njmc":"2022","pageTotal":0,"pageable":true,"queryModel":{"currentPage":1,"currentResult":0,"entityOrField":false,"limit":15,"offset":0,"pageNo":0,"pageSize":15,"showCount":10,"sorts":[],"totalCount":0,"totalPage":0,"totalResult":0},"rangeable":true,"row_id":"46","rwzxs":"48","sfdkbcx":"否","sfxwkc":"否","sfzh":"210603200404246515","tjrxm":"张艳梅","tjsj":"2024-01-1612:59:17","totalResult":"48","userModel":{"monitor":false,"roleCount":0,"roleKeys":"","roleValues":"","status":0,"usable":false},"xb":"男","xbm":"1","xf":"3.0","xfjd":"6.39","xh":"2203050528","xh_id":"3d49468ae69011b0d18c94607998a8e83042be9bc6247bd67afc08245d27944ac9c15e31dfe79f7884cb8c08eb80b588f6636352e4741697fa5cfbb55ba3e112df51ec50c87b5ffc5fb66ef7c59d5d1b52a3ec75ca9e08ced2473814d2ca0866b041d8ef7be1e826556cd647cda2f447e077054017ab3ef1acbc6daf712ecadb","xm":"赵洋","xnm":"2023","xnmmc":"2023-2024","xqm":"3","xqmmc":"1","year":"2024","zsxymc":"信息科学与工程学院","zyh_id":"0305","zymc":"计算机科学与技术"},{"bfzcj":"85","bh":"22030505","bh_id":"E06E65BE0AA38F52E0530100050A6823","bj":"22030505","cj":"良好","cjsfzf":"否","date":"二○二四年二月二十九日","dateDigit":"2024年2月29日","dateDigitSeparator":"2024-2-29","day":"29","jd":"3.50","jg_id":"03","jgmc":"信息科学与工程学院","jgpxzd":"1","jsxm":"苗青","jxb_id":"FEFF5CA67AA2402DE0530100050A0918","jxbmc":"(2023-2024-1)-219800007-12","kcbj":"主修","kch":"219800007","kch_id":"219800007","kclbmc":"必修课","kcmc":"形势与政策3","kcxzdm":"21","kcxzmc":"通识教育理论必修","key":"FEFF5CA67AA2402DE0530100050A0918-2203050528","khfsmc":"考查","kkbmmc":"马克思主义学院","kklxdm":"主修课程","ksxz":"正常考试","ksxzdm":"01","listnav":"false","localeKey":"zh_CN","month":"2","njdm_id":"2022","njmc":"2022","pageTotal":0,"pageable":true,"queryModel":{"currentPage":1,"currentResult":0,"entityOrField":false,"limit":15,"offset":0,"pageNo":0,"pageSize":15,"showCount":10,"sorts":[],"totalCount":0,"totalPage":0,"totalResult":0},"rangeable":true,"row_id":"47","rwzxs":"8","sfdkbcx":"否","sfxwkc":"否","sfzh":"210603200404246515","tjrxm":"苗青","tjsj":"2024-01-1714:24:08","totalResult":"48","userModel":{"monitor":false,"roleCount":0,"roleKeys":"","roleValues":"","status":0,"usable":false},"xb":"男","xbm":"1","xf":"0.5","xfjd":"1.75","xh":"2203050528","xh_id":"372d3aa7a605ceaf9c34a03e6f778e5de85a1df24b6f361b89b688b4b6af9d3ba1f523a1cd97c8564089e4a0d278c334f110be062009adba08fc99a49c13a097ee87aad73464583ab490634aefeafec0d7444e784ba845ba3f899f67b83e45b1c83651ec610dd8be29b02de54af04186b6fff7297e5e95fb4fd2aa1f3c28bf47","xm":"赵洋","xnm":"2023","xnmmc":"2023-2024","xqm":"3","xqmmc":"1","year":"2024","zsxymc":"信息科学与工程学院","zyh_id":"0305","zymc":"计算机科学与技术"},{"bfzcj":"85","bh":"22030505","bh_id":"E06E65BE0AA38F52E0530100050A6823","bj":"22030505","cj":"良好","cjsfzf":"否","date":"二○二四年二月二十九日","dateDigit":"2024年2月29日","dateDigitSeparator":"2024-2-29","day":"29","jd":"3.50","jg_id":"03","jgmc":"信息科学与工程学院","jgpxzd":"1","jsxm":"张艳梅","jxb_id":"FEFE62F17077811EE0530200050A3A18","jxbmc":"(2023-2024-1)-219800011-15","kcbj":"主修","kch":"219800011","kch_id":"219800011","kclbmc":"必修课","kcmc":"中国共产党历史","kcxzdm":"21","kcxzmc":"通识教育理论必修","key":"FEFE62F17077811EE0530200050A3A18-2203050528","khfsmc":"考查","kkbmmc":"马克思主义学院","kklxdm":"主修课程","ksxz":"正常考试","ksxzdm":"01","listnav":"false","localeKey":"zh_CN","month":"2","njdm_id":"2022","njmc":"2022","pageTotal":0,"pageable":true,"queryModel":{"currentPage":1,"currentResult":0,"entityOrField":false,"limit":15,"offset":0,"pageNo":0,"pageSize":15,"showCount":10,"sorts":[],"totalCount":0,"totalPage":0,"totalResult":0},"rangeable":true,"row_id":"48","rwzxs":"32","sfdkbcx":"否","sfxwkc":"否","sfzh":"210603200404246515","tjrxm":"张艳梅","tjsj":"2024-01-1512:34:35","totalResult":"48","userModel":{"monitor":false,"roleCount":0,"roleKeys":"","roleValues":"","status":0,"usable":false},"xb":"男","xbm":"1","xf":"2.0","xfjd":"7.00","xh":"2203050528","xh_id":"18c782c10c2bfd5d1280aa98e56e43838ef1a4b0dabb2144d09fec281013dcdc069e38aa8d0d8d035ad87cae212c97315a2b00b3d4b409a69bb5fbcbf63491028b76ffdc64d9c33ef973bd9d8a6750686ccf9b74ef0b18990de5dec79cd4232436fcc33ee0e8640f7906076cb63f98e9d471d7cc65cdf19033de22bafd02270f","xm":"赵洋","xnm":"2023","xnmmc":"2023-2024","xqm":"3","xqmmc":"1","year":"2024","zsxymc":"信息科学与工程学院","zyh_id":"0305","zymc":"计算机科学与技术"}],"limit":15,"offset":0,"pageNo":0,"pageSize":15,"showCount":50,"sortName":"xnmmcasc,xqmmcasc,kchasc","sortOrder":"","sorts":[],"totalCount":48,"totalPage":1,"totalResult":48}
[Network]: <-- END HTTP (86897-byte, 14206-gzipped-byte body)
[Test]: ExamItem(year=2022, semester=3, detailsID=E269891B3F73BE8FE0530100050AF67E, name=大学生安全教育, teacher=汪东雷, credit=1.5, gradePoint=3.50, crTimesGp=5.25, absoluteScore=85, relateScore=良好, completionCode=01, _degreeProgram=否)
[Network]: --> POST https://jxw.sylu.edu.cn/cjcx/cjcx_cxCjxqGjh.html?gnmkdm=N305005&su=2203050528 http/1.1
[Network]: Content-Type: application/x-www-form-urlencoded
[Network]: Content-Length: 123
[Network]: Host: jxw.sylu.edu.cn
[Network]: Connection: Keep-Alive
[Network]: Accept-Encoding: gzip
[Network]: Cookie: JSESSIONID=5F430ED9F578AC35212E90F131D8A563; rememberMe=deleteMe
[Network]: User-Agent: okhttp/4.12.0
[Network]: 
[Network]: jxb_id=E269891B3F73BE8FE0530100050AF67E&xnm=2022&xqm=3&kcmc=%E5%A4%A7%E5%AD%A6%E7%94%9F%E5%AE%89%E5%85%A8%E6%95%99%E8%82%B2
[Network]: --> END POST (123-byte body)
[Network]: <-- 200 OK https://jxw.sylu.edu.cn/cjcx/cjcx_cxCjxqGjh.html?gnmkdm=N305005&su=2203050528 (180ms)
[Network]: X-Powered-By: Servlet/3.0 JSP/2.2 (ZFSOFT-SERVER Java/Oracle Corporation/1.8.0_201-b09)
[Network]: X-Frame-Options: SAMEORIGIN
[Network]: X-XSS-Protection: 1; mode=block
[Network]: X-Content-Type-Options: nosniff
[Network]: Content-Type: text/html;charset=UTF-8
[Network]: Content-Language: zh-CN
[Network]: Content-Length: 2596
[Network]: Date: Thu, 29 Feb 2024 11:49:49 GMT
[Network]: Server: ZFSOFT.Inc
[Network]: 
[Network]: <!--国际化js库--><scripttype="text/javascript"src="/js\globalweb\comp\i18n\N305005_zh_CN.js?ver=28423403"charset="utf-8"></script><!DOCTYPEhtml><html><head>



<metahttp-equiv="Content-Type"content="text/html;charset=UTF-8"/>
<scripttype="text/javascript">
var_path="";
var_systemPath="";
var_stylePath="/zftal-ui-v5-1.0.2";
jQuery(function($){
$('[data-toggle*="validation"]').trigger("validation");
$('[data-toggle*="fixed"]').trigger("fixed");
$('[data-toggle*="tagTree"]').trigger("tagTree");
if($.fn.tooltip){
$('[data-toggle*="tooltip"]').tooltip({container:'body'});
}
//\u5168\u5c40\u542f\u7528\u7f13\u5b58\uff1a\u8fd9\u4e2a\u5730\u65b9\u5fc5\u987b\u4f7f\u7528true\uff0c\u5426\u5219\u5728\u4f7f\u7528load\u52a0\u8f7d\u7684html\u4e2d\u7684script\u6807\u7b7e\u4f1a\u81ea\u52a8\u52a0\u4e0a\u968f\u673a\u6570\u5bfc\u81f4\u65e0\u6cd5\u6709\u6548\u5229\u7528\u6d4f\u89c8\u5668\u7f13\u5b58
jQuery.ajaxSetup({cache:true});
});
</script></head><body><!--Table开始--><divclass="table-responsive"><divclass="row"style="height:30px;"><divclass="col-md-12col-sm-12"><h5class="dark"><iclass="glyphiconglyphicon-hand-right"></i><spanclass="bigger-120"role="button">课程名称<!--课程名称-->：</span><spanclass="red2"role="button">大学生安全教育</span></h5></div></div><tableclass="tabletable-borderedtable-stripedtable-hovertab-bor-col-1tab-td-padding-5"id="subtab"style="text-align:center"><thead><tr><tdclass="align-center"style="width:200px!important;">成绩分项<!--成绩分项--></td><tdclass="align-center">成绩分项比例<!--成绩分项比例--></td><tdclass="align-center">成绩<!--成绩--></td></tr></thead><tbody><tr><tdvalign="middle">【平时】</td><tdvalign="middle">20%&nbsp;</td><tdvalign="middle">100&nbsp;</td></tr><tr><tdvalign="middle">【日常作业】</td><tdvalign="middle">50%&nbsp;</td><tdvalign="middle">92.23&nbsp;</td></tr><tr><tdvalign="middle">【期末】</td><tdvalign="middle">30%&nbsp;</td><tdvalign="middle">65&nbsp;</td></tr><tr><tdvalign="middle">【总评】</td><tdvalign="middle">0%&nbsp;</td><tdvalign="middle">良好&nbsp;</td></tr></tbody></table></div><!--Table结束--></body></html>
[Network]: <-- END HTTP (2596-byte body)
[Test]: [[【 平时 】 20% 100], [【 日常作业 】 50% 92.23], [【 期末 】 30% 65], [【 总评 】 0% 良好]]
]]></system-out>
  <system-err><![CDATA[]]></system-err>
</testsuite>
